Using pre-set license
Built from '2020.2/release' branch; Version is '2020.2.1f1 (270dd8c3da1c) revision 2559448'; Using compiler version '192528614'; Build Type 'Release'
OS: 'Windows 10  (10.0.0) 64bit' Language: 'en' Physical Memory: 16262 MB
BatchMode: 1, IsHumanControllingUs: 0, StartBugReporterOnCrash: 0, Is64bit: 1, IsPro: 0

 COMMAND LINE ARGUMENTS:
C:\Program Files\Unity\Hub\Editor\2020.2.1f1\Editor\Unity.exe
-adb2
-batchMode
-noUpm
-name
AssetImportWorker0
-projectPath
C:/Users/apgri/Desktop/School/Spring 2021/CPI 441/Gaming-Capstone/CPI 441 Capstone
-logFile
Logs/AssetImportWorker0.log
-srvPort
52635
Successfully changed project path to: C:/Users/apgri/Desktop/School/Spring 2021/CPI 441/Gaming-Capstone/CPI 441 Capstone
C:/Users/apgri/Desktop/School/Spring 2021/CPI 441/Gaming-Capstone/CPI 441 Capstone
Using Asset Import Pipeline V2.
Refreshing native plugins compatible for Editor in 51.02 ms, found 0 plugins.
Preloading 0 native plugins for Editor in 0.00 ms.
Initialize engine version: 2020.2.1f1 (270dd8c3da1c)
[Subsystems] Discovering subsystems at path C:/Program Files/Unity/Hub/Editor/2020.2.1f1/Editor/Data/Resources/UnitySubsystems
[Subsystems] Discovering subsystems at path C:/Users/apgri/Desktop/School/Spring 2021/CPI 441/Gaming-Capstone/CPI 441 Capstone/Assets
GfxDevice: creating device client; threaded=0
Direct3D:
    Version:  Direct3D 11.0 [level 11.1]
    Renderer: Intel(R) Iris(R) Plus Graphics 640 (ID=0x5926)
    Vendor:   
    VRAM:     8131 MB
    Driver:   24.20.100.6194
Initialize mono
Mono path[0] = 'C:/Program Files/Unity/Hub/Editor/2020.2.1f1/Editor/Data/Managed'
Mono path[1] = 'C:/Program Files/Unity/Hub/Editor/2020.2.1f1/Editor/Data/MonoBleedingEdge/lib/mono/unityjit'
Mono config path = 'C:/Program Files/Unity/Hub/Editor/2020.2.1f1/Editor/Data/MonoBleedingEdge/etc'
Using monoOptions --debugger-agent=transport=dt_socket,embedding=1,server=y,suspend=n,address=127.0.0.1:56652
Begin MonoManager ReloadAssembly
Registering precompiled unity dll's ...
Register platform support module: C:/Program Files/Unity/Hub/Editor/2020.2.1f1/Editor/Data/PlaybackEngines/WindowsStandaloneSupport/UnityEditor.WindowsStandalone.Extensions.dll
Registered in 0.007846 seconds.
Native extension for WindowsStandalone target not found
Refreshing native plugins compatible for Editor in 1337.57 ms, found 0 plugins.
Preloading 0 native plugins for Editor in 0.00 ms.
Invoked RoslynAnalysisRunner static constructor.
RoslynAnalysisRunner will not be running.
RoslynAnalysisRunner has terminated.
Mono: successfully reloaded assembly
- Completed reload, in 15.601 seconds
Platform modules already initialized, skipping
Registering precompiled user dll's ...
Registered in 0.002225 seconds.
Begin MonoManager ReloadAssembly
Native extension for WindowsStandalone target not found
Refreshing native plugins compatible for Editor in 0.30 ms, found 0 plugins.
Preloading 0 native plugins for Editor in 0.00 ms.
Invoked RoslynAnalysisRunner static constructor.
RoslynAnalysisRunner will not be running.
RoslynAnalysisRunner has terminated.
Mono: successfully reloaded assembly
- Completed reload, in  4.371 seconds
Platform modules already initialized, skipping
========================================================================
Worker process is ready to serve import requests
Launched and connected shader compiler UnityShaderCompiler.exe after 0.12 seconds
Refreshing native plugins compatible for Editor in 0.47 ms, found 0 plugins.
Preloading 0 native plugins for Editor in 0.00 ms.
Unloading 1095 Unused Serialized files (Serialized files now loaded: 0)
System memory in use before: 56.4 MB.
System memory in use after: 56.4 MB.

Unloading 10 unused Assets to reduce memory usage. Loaded Objects now: 1534.
Total: 4.864200 ms (FindLiveObjects: 0.381200 ms CreateObjectMapping: 0.101300 ms MarkObjects: 4.220000 ms  DeleteObjects: 0.158200 ms)

========================================================================
Received Import Request.
  path: Assets/Scripts/GitHubTest.cs
  artifactKey: Guid(6ea182e9a82b4fa41a7d4404e10cd797) Importer(815301076,1909f56bfc062723c751e8b465ee728b)
Start importing Assets/Scripts/GitHubTest.cs using Guid(6ea182e9a82b4fa41a7d4404e10cd797) Importer(815301076,1909f56bfc062723c751e8b465ee728b)  -> (artifact id: 'c2ea339500cf6e385703b6fa86ca16ee') in 0.507846 seconds
  Import took 0.513506 seconds .

========================================================================
Received Prepare
Registering precompiled user dll's ...
Registered in 0.001290 seconds.
Begin MonoManager ReloadAssembly
Native extension for WindowsStandalone target not found
Refreshing native plugins compatible for Editor in 0.34 ms, found 0 plugins.
Preloading 0 native plugins for Editor in 0.00 ms.
Invoked RoslynAnalysisRunner static constructor.
RoslynAnalysisRunner will not be running.
RoslynAnalysisRunner has terminated.
Mono: successfully reloaded assembly
- Completed reload, in  2.280 seconds
Platform modules already initialized, skipping
Refreshing native plugins compatible for Editor in 1.16 ms, found 0 plugins.
Preloading 0 native plugins for Editor in 0.00 ms.
Unloading 1090 Unused Serialized files (Serialized files now loaded: 0)
System memory in use before: 56.4 MB.
System memory in use after: 56.5 MB.

Unloading 5 unused Assets to reduce memory usage. Loaded Objects now: 1536.
Total: 7.345800 ms (FindLiveObjects: 0.441400 ms CreateObjectMapping: 0.122800 ms MarkObjects: 6.683700 ms  DeleteObjects: 0.094100 ms)

========================================================================
Received Import Request.
  Time since last request: 57.364033 seconds.
  path: Assets/Scripts/GitHubTest.cs
  artifactKey: Guid(6ea182e9a82b4fa41a7d4404e10cd797) Importer(815301076,1909f56bfc062723c751e8b465ee728b)
Start importing Assets/Scripts/GitHubTest.cs using Guid(6ea182e9a82b4fa41a7d4404e10cd797) Importer(815301076,1909f56bfc062723c751e8b465ee728b)  -> (artifact id: 'ff91ea1f1c2a6329cbd364b78554596e') in 0.019063 seconds
  Import took 0.029329 seconds .

AssetImportWorkerClient::OnTransportError - code=2 error=End of file
