Using pre-set license
Built from '2020.2/release' branch; Version is '2020.2.1f1 (270dd8c3da1c) revision 2559448'; Using compiler version '192528614'; Build Type 'Release'
OS: 'Windows 10  (10.0.0) 64bit' Language: 'en' Physical Memory: 16262 MB
BatchMode: 1, IsHumanControllingUs: 0, StartBugReporterOnCrash: 0, Is64bit: 1, IsPro: 0

 COMMAND LINE ARGUMENTS:
C:\Program Files\Unity\Hub\Editor\2020.2.1f1\Editor\Unity.exe
-adb2
-batchMode
-noUpm
-name
AssetImportWorker0
-projectPath
C:/Users/apgri/Desktop/School/Spring 2021/CPI 441/Gaming-Capstone/CPI 441 Capstone
-logFile
Logs/AssetImportWorker0.log
-srvPort
49233
Successfully changed project path to: C:/Users/apgri/Desktop/School/Spring 2021/CPI 441/Gaming-Capstone/CPI 441 Capstone
C:/Users/apgri/Desktop/School/Spring 2021/CPI 441/Gaming-Capstone/CPI 441 Capstone
Using Asset Import Pipeline V2.
Refreshing native plugins compatible for Editor in 38.93 ms, found 3 plugins.
Preloading 0 native plugins for Editor in 0.00 ms.
Initialize engine version: 2020.2.1f1 (270dd8c3da1c)
[Subsystems] Discovering subsystems at path C:/Program Files/Unity/Hub/Editor/2020.2.1f1/Editor/Data/Resources/UnitySubsystems
[Subsystems] Discovering subsystems at path C:/Users/apgri/Desktop/School/Spring 2021/CPI 441/Gaming-Capstone/CPI 441 Capstone/Assets
GfxDevice: creating device client; threaded=0
Direct3D:
    Version:  Direct3D 11.0 [level 11.1]
    Renderer: Intel(R) Iris(R) Plus Graphics 640 (ID=0x5926)
    Vendor:   
    VRAM:     8131 MB
    Driver:   24.20.100.6194
Initialize mono
Mono path[0] = 'C:/Program Files/Unity/Hub/Editor/2020.2.1f1/Editor/Data/Managed'
Mono path[1] = 'C:/Program Files/Unity/Hub/Editor/2020.2.1f1/Editor/Data/MonoBleedingEdge/lib/mono/unityjit'
Mono config path = 'C:/Program Files/Unity/Hub/Editor/2020.2.1f1/Editor/Data/MonoBleedingEdge/etc'
Using monoOptions --debugger-agent=transport=dt_socket,embedding=1,server=y,suspend=n,address=127.0.0.1:56524
Begin MonoManager ReloadAssembly
Registering precompiled unity dll's ...
Register platform support module: C:/Program Files/Unity/Hub/Editor/2020.2.1f1/Editor/Data/PlaybackEngines/WindowsStandaloneSupport/UnityEditor.WindowsStandalone.Extensions.dll
Registered in 0.002102 seconds.
Native extension for WindowsStandalone target not found
Refreshing native plugins compatible for Editor in 31.43 ms, found 3 plugins.
Preloading 0 native plugins for Editor in 0.00 ms.
Invoked RoslynAnalysisRunner static constructor.
RoslynAnalysisRunner will not be running.
RoslynAnalysisRunner has terminated.
Mono: successfully reloaded assembly
- Completed reload, in  1.176 seconds
Platform modules already initialized, skipping
Registering precompiled user dll's ...
Registered in 0.003460 seconds.
Begin MonoManager ReloadAssembly
Native extension for WindowsStandalone target not found
Refreshing native plugins compatible for Editor in 0.49 ms, found 3 plugins.
Preloading 0 native plugins for Editor in 0.00 ms.
Invoked RoslynAnalysisRunner static constructor.
RoslynAnalysisRunner will not be running.
RoslynAnalysisRunner has terminated.
Mono: successfully reloaded assembly
- Completed reload, in  1.025 seconds
Platform modules already initialized, skipping
========================================================================
Worker process is ready to serve import requests
Launched and connected shader compiler UnityShaderCompiler.exe after 0.06 seconds
Refreshing native plugins compatible for Editor in 0.37 ms, found 3 plugins.
Preloading 0 native plugins for Editor in 0.00 ms.
Unloading 1407 Unused Serialized files (Serialized files now loaded: 0)
System memory in use before: 69.7 MB.
System memory in use after: 69.8 MB.

Unloading 13 unused Assets to reduce memory usage. Loaded Objects now: 1848.
Total: 1.965600 ms (FindLiveObjects: 0.165300 ms CreateObjectMapping: 0.049400 ms MarkObjects: 1.685600 ms  DeleteObjects: 0.064500 ms)

========================================================================
Received Import Request.
  path: Assets/SteamVR/Editor/SteamVR_Editor.asmdef
  artifactKey: Guid(9bac448de04a4f6448fee1acc220e5a1) Importer(815301076,1909f56bfc062723c751e8b465ee728b)
Start importing Assets/SteamVR/Editor/SteamVR_Editor.asmdef using Guid(9bac448de04a4f6448fee1acc220e5a1) Importer(815301076,1909f56bfc062723c751e8b465ee728b)  -> (artifact id: '55dcb0a9aeac200cd0ad46920dfc27ea') in 0.045593 seconds
  Import took 0.049687 seconds .

========================================================================
Received Import Request.
  Time since last request: 9.380647 seconds.
  path: Assets/SteamVR/Resources/ReferencePose_BindPose.asset
  artifactKey: Guid(9303872ccc6946c4185bc4b432372ba0) Importer(815301076,1909f56bfc062723c751e8b465ee728b)
Start importing Assets/SteamVR/Resources/ReferencePose_BindPose.asset using Guid(9303872ccc6946c4185bc4b432372ba0) Importer(815301076,1909f56bfc062723c751e8b465ee728b)  -> (artifact id: 'd90aff185ca2200aa8d0573c9058b2d8') in 0.017818 seconds
  Import took 0.021090 seconds .

========================================================================
Received Import Request.
  Time since last request: 0.000501 seconds.
  path: Assets/SteamVR/Resources/ReferencePose_OpenHand.asset
  artifactKey: Guid(d93b955753287b048b63d232fa679470) Importer(815301076,1909f56bfc062723c751e8b465ee728b)
Start importing Assets/SteamVR/Resources/ReferencePose_OpenHand.asset using Guid(d93b955753287b048b63d232fa679470) Importer(815301076,1909f56bfc062723c751e8b465ee728b)  -> (artifact id: '02d41b482ba18089e7b89043d38260ce') in 0.005663 seconds
  Import took 0.008848 seconds .

========================================================================
Received Import Request.
  Time since last request: 0.000471 seconds.
  path: Assets/SteamVR/Resources/SteamVR_ExternalCamera.prefab
  artifactKey: Guid(6b259143c09ffc447ad059e5b8d8cf89) Importer(815301076,1909f56bfc062723c751e8b465ee728b)
Start importing Assets/SteamVR/Resources/SteamVR_ExternalCamera.prefab using Guid(6b259143c09ffc447ad059e5b8d8cf89) Importer(815301076,1909f56bfc062723c751e8b465ee728b)  -> (artifact id: '76069dba8187b9a85ff90dc449c362b7') in 0.042207 seconds
  Import took 0.045362 seconds .

========================================================================
Received Import Request.
  Time since last request: 0.000679 seconds.
  path: Assets/SteamVR/Resources/SteamVR_HoverHighlight.mat
  artifactKey: Guid(3f7b904f6bd0b77429148042b0254530) Importer(815301076,1909f56bfc062723c751e8b465ee728b)
Start importing Assets/SteamVR/Resources/SteamVR_HoverHighlight.mat using Guid(3f7b904f6bd0b77429148042b0254530) Importer(815301076,1909f56bfc062723c751e8b465ee728b)  -> (artifact id: '505ff0021e29c5cfde543b869d713f29') in 0.257624 seconds
  Import took 0.262505 seconds .

========================================================================
Received Import Request.
  Time since last request: 0.000356 seconds.
  path: Assets/SteamVR/Resources/ReferencePose_Fist.asset
  artifactKey: Guid(5923b268404ed1c46a82b541e44c52af) Importer(815301076,1909f56bfc062723c751e8b465ee728b)
Start importing Assets/SteamVR/Resources/ReferencePose_Fist.asset using Guid(5923b268404ed1c46a82b541e44c52af) Importer(815301076,1909f56bfc062723c751e8b465ee728b)  -> (artifact id: 'f4bf2d8f35ca7bfb454a16b4942df7f7') in 0.005243 seconds
  Import took 0.008333 seconds .

========================================================================
Received Import Request.
  Time since last request: 0.000456 seconds.
  path: Assets/SteamVR/Resources/SteamVR_HoverHighlight_URP.mat
  artifactKey: Guid(205922f2f6cef6f4e886cbeb581b0d81) Importer(815301076,1909f56bfc062723c751e8b465ee728b)
Start importing Assets/SteamVR/Resources/SteamVR_HoverHighlight_URP.mat using Guid(205922f2f6cef6f4e886cbeb581b0d81) Importer(815301076,1909f56bfc062723c751e8b465ee728b)  -> (artifact id: '76951ed38ace440240ff448425885231') in 0.019328 seconds
  Import took 0.024474 seconds .

========================================================================
Received Import Request.
  Time since last request: 112.290967 seconds.
  path: Assets/VR Tutorial/Scenes/Game.unity
  artifactKey: Guid(e823e573a604765459bc417243cd46b1) Importer(815301076,1909f56bfc062723c751e8b465ee728b)
Start importing Assets/VR Tutorial/Scenes/Game.unity using Guid(e823e573a604765459bc417243cd46b1) Importer(815301076,1909f56bfc062723c751e8b465ee728b)  -> (artifact id: '2917e780239ce5514f58dac42a88ef67') in 0.012670 seconds
  Import took 0.015360 seconds .

========================================================================
Received Import Request.
  Time since last request: 0.012678 seconds.
  path: Assets/VR Tutorial/Scenes/Game.unity
  artifactKey: Guid(e823e573a604765459bc417243cd46b1) Importer(815301076,1909f56bfc062723c751e8b465ee728b)
Start importing Assets/VR Tutorial/Scenes/Game.unity using Guid(e823e573a604765459bc417243cd46b1) Importer(815301076,1909f56bfc062723c751e8b465ee728b)  -> (artifact id: '2917e780239ce5514f58dac42a88ef67') in 0.004452 seconds
  Import took 0.009019 seconds .

AssetImportWorkerClient::OnTransportError - code=2 error=End of file
