Using pre-set license
Built from '2020.2/release' branch; Version is '2020.2.1f1 (270dd8c3da1c) revision 2559448'; Using compiler version '192528614'; Build Type 'Release'
OS: 'Windows 10  (10.0.0) 64bit' Language: 'en' Physical Memory: 32688 MB
BatchMode: 1, IsHumanControllingUs: 0, StartBugReporterOnCrash: 0, Is64bit: 1, IsPro: 0

 COMMAND LINE ARGUMENTS:
C:\Program Files\Unity\Hub\Editor\2020.2.1f1\Editor\Unity.exe
-adb2
-batchMode
-noUpm
-name
AssetImportWorker0
-projectPath
C:/Users/Bryanna/OneDrive/Documents/GitHub/Gaming-Capstone/Virtual Forge
-logFile
Logs/AssetImportWorker0.log
-srvPort
59565
Successfully changed project path to: C:/Users/Bryanna/OneDrive/Documents/GitHub/Gaming-Capstone/Virtual Forge
C:/Users/Bryanna/OneDrive/Documents/GitHub/Gaming-Capstone/Virtual Forge
Using Asset Import Pipeline V2.
Refreshing native plugins compatible for Editor in 56.48 ms, found 0 plugins.
Preloading 0 native plugins for Editor in 0.00 ms.
Initialize engine version: 2020.2.1f1 (270dd8c3da1c)
[Subsystems] Discovering subsystems at path C:/Program Files/Unity/Hub/Editor/2020.2.1f1/Editor/Data/Resources/UnitySubsystems
[Subsystems] Discovering subsystems at path C:/Users/Bryanna/OneDrive/Documents/GitHub/Gaming-Capstone/Virtual Forge/Assets
GfxDevice: creating device client; threaded=0
Direct3D:
    Version:  Direct3D 11.0 [level 11.1]
    Renderer: NVIDIA GeForce GT 1030 (ID=0x1d01)
    Vendor:   
    VRAM:     1982 MB
    Driver:   27.21.14.5671
Initialize mono
Mono path[0] = 'C:/Program Files/Unity/Hub/Editor/2020.2.1f1/Editor/Data/Managed'
Mono path[1] = 'C:/Program Files/Unity/Hub/Editor/2020.2.1f1/Editor/Data/MonoBleedingEdge/lib/mono/unityjit'
Mono config path = 'C:/Program Files/Unity/Hub/Editor/2020.2.1f1/Editor/Data/MonoBleedingEdge/etc'
Using monoOptions --debugger-agent=transport=dt_socket,embedding=1,server=y,suspend=n,address=127.0.0.1:56040
Begin MonoManager ReloadAssembly
Registering precompiled unity dll's ...
Register platform support module: C:/Program Files/Unity/Hub/Editor/2020.2.1f1/Editor/Data/PlaybackEngines/WebGLSupport/UnityEditor.WebGL.Extensions.dll
Register platform support module: C:/Program Files/Unity/Hub/Editor/2020.2.1f1/Editor/Data/PlaybackEngines/MacStandaloneSupport/UnityEditor.OSXStandalone.Extensions.dll
Register platform support module: C:/Program Files/Unity/Hub/Editor/2020.2.1f1/Editor/Data/PlaybackEngines/WindowsStandaloneSupport/UnityEditor.WindowsStandalone.Extensions.dll
Register platform support module: C:/Program Files/Unity/Hub/Editor/2020.2.1f1/Editor/Data/PlaybackEngines/LinuxStandaloneSupport/UnityEditor.LinuxStandalone.Extensions.dll
Register platform support module: C:/Program Files/Unity/Hub/Editor/2020.2.1f1/Editor/Data/PlaybackEngines/LuminSupport/UnityEditor.Lumin.Extensions.dll
Registered in 0.004524 seconds.
Native extension for Lumin target not found
Native extension for LinuxStandalone target not found
Native extension for WindowsStandalone target not found
Native extension for OSXStandalone target not found
Native extension for WebGL target not found
Refreshing native plugins compatible for Editor in 56.26 ms, found 0 plugins.
Preloading 0 native plugins for Editor in 0.00 ms.
Invoked RoslynAnalysisRunner static constructor.
RoslynAnalysisRunner will not be running.
RoslynAnalysisRunner has terminated.
Mono: successfully reloaded assembly
- Completed reload, in  2.418 seconds
Platform modules already initialized, skipping
Registering precompiled user dll's ...
Registered in 0.005701 seconds.
Begin MonoManager ReloadAssembly
Native extension for Lumin target not found
Native extension for LinuxStandalone target not found
Native extension for WindowsStandalone target not found
Native extension for OSXStandalone target not found
Native extension for WebGL target not found
Refreshing native plugins compatible for Editor in 0.51 ms, found 0 plugins.
Preloading 0 native plugins for Editor in 0.00 ms.
Invoked RoslynAnalysisRunner static constructor.
RoslynAnalysisRunner will not be running.
RoslynAnalysisRunner has terminated.
Mono: successfully reloaded assembly
- Completed reload, in  0.979 seconds
Platform modules already initialized, skipping
========================================================================
Worker process is ready to serve import requests
Launched and connected shader compiler UnityShaderCompiler.exe after 0.05 seconds
Refreshing native plugins compatible for Editor in 0.50 ms, found 0 plugins.
Preloading 0 native plugins for Editor in 0.00 ms.
Unloading 2071 Unused Serialized files (Serialized files now loaded: 0)
System memory in use before: 176.8 MB.
System memory in use after: 176.9 MB.

Unloading 20 unused Assets to reduce memory usage. Loaded Objects now: 2554.
Total: 1.716700 ms (FindLiveObjects: 0.192600 ms CreateObjectMapping: 0.096800 ms MarkObjects: 1.347100 ms  DeleteObjects: 0.079200 ms)

========================================================================
Received Import Request.
  path: Assets/TerrainData_6227e7d7-44e4-4353-ad81-108fa69904c8.asset
  artifactKey: Guid(291df9c21040e544995714e3880ec8a8) Importer(815301076,1909f56bfc062723c751e8b465ee728b)
Start importing Assets/TerrainData_6227e7d7-44e4-4353-ad81-108fa69904c8.asset using Guid(291df9c21040e544995714e3880ec8a8) Importer(815301076,1909f56bfc062723c751e8b465ee728b)  -> (artifact id: '0d543901bdd1d637b4c803a1a451fb8d') in 0.039897 seconds
  Import took 0.042998 seconds .

========================================================================
Received Import Request.
  Time since last request: 0.000420 seconds.
  path: Assets/New Terrain.asset
  artifactKey: Guid(ae664659b54a7f745a77bc66c56447b5) Importer(815301076,1909f56bfc062723c751e8b465ee728b)
Start importing Assets/New Terrain.asset using Guid(ae664659b54a7f745a77bc66c56447b5) Importer(815301076,1909f56bfc062723c751e8b465ee728b)  -> (artifact id: '9da9bf607ab418f664d01848d43e4e2b') in 0.096987 seconds
  Import took 0.100333 seconds .

========================================================================
Received Import Request.
  Time since last request: 5.129474 seconds.
  path: Assets/Scenes/BryannaSampleScene.unity
  artifactKey: Guid(f406a29b035cf28498cb1957c797245c) Importer(815301076,1909f56bfc062723c751e8b465ee728b)
Start importing Assets/Scenes/BryannaSampleScene.unity using Guid(f406a29b035cf28498cb1957c797245c) Importer(815301076,1909f56bfc062723c751e8b465ee728b)  -> (artifact id: 'b9ef5c88269350ddef2610e3966fedf1') in 0.004948 seconds
  Import took 0.008017 seconds .

========================================================================
Received Prepare
Registering precompiled user dll's ...
Registered in 0.005267 seconds.
Begin MonoManager ReloadAssembly
Native extension for Lumin target not found
Native extension for LinuxStandalone target not found
Native extension for WindowsStandalone target not found
Native extension for OSXStandalone target not found
Native extension for WebGL target not found
Refreshing native plugins compatible for Editor in 0.53 ms, found 0 plugins.
Preloading 0 native plugins for Editor in 0.00 ms.
Invoked RoslynAnalysisRunner static constructor.
RoslynAnalysisRunner will not be running.
RoslynAnalysisRunner has terminated.
Mono: successfully reloaded assembly
- Completed reload, in  1.031 seconds
Platform modules already initialized, skipping
Refreshing native plugins compatible for Editor in 0.56 ms, found 0 plugins.
Preloading 0 native plugins for Editor in 0.00 ms.
Unloading 2059 Unused Serialized files (Serialized files now loaded: 0)
System memory in use before: 177.5 MB.
System memory in use after: 177.6 MB.

Unloading 15 unused Assets to reduce memory usage. Loaded Objects now: 2559.
Total: 2.000600 ms (FindLiveObjects: 0.413700 ms CreateObjectMapping: 0.147700 ms MarkObjects: 1.418000 ms  DeleteObjects: 0.019900 ms)

========================================================================
Received Prepare
Registering precompiled user dll's ...
Registered in 0.005286 seconds.
Begin MonoManager ReloadAssembly
Native extension for Lumin target not found
Native extension for LinuxStandalone target not found
Native extension for WindowsStandalone target not found
Native extension for OSXStandalone target not found
Native extension for WebGL target not found
Refreshing native plugins compatible for Editor in 0.52 ms, found 0 plugins.
Preloading 0 native plugins for Editor in 0.00 ms.
Invoked RoslynAnalysisRunner static constructor.
RoslynAnalysisRunner will not be running.
RoslynAnalysisRunner has terminated.
Mono: successfully reloaded assembly
- Completed reload, in  0.933 seconds
Platform modules already initialized, skipping
Refreshing native plugins compatible for Editor in 0.52 ms, found 0 plugins.
Preloading 0 native plugins for Editor in 0.00 ms.
Unloading 2059 Unused Serialized files (Serialized files now loaded: 0)
System memory in use before: 177.6 MB.
System memory in use after: 177.7 MB.

Unloading 15 unused Assets to reduce memory usage. Loaded Objects now: 2562.
Total: 1.533900 ms (FindLiveObjects: 0.171800 ms CreateObjectMapping: 0.078500 ms MarkObjects: 1.267500 ms  DeleteObjects: 0.015100 ms)

========================================================================
Received Prepare
Registering precompiled user dll's ...
Registered in 0.005212 seconds.
Begin MonoManager ReloadAssembly
Native extension for Lumin target not found
Native extension for LinuxStandalone target not found
Native extension for WindowsStandalone target not found
Native extension for OSXStandalone target not found
Native extension for WebGL target not found
Refreshing native plugins compatible for Editor in 0.50 ms, found 0 plugins.
Preloading 0 native plugins for Editor in 0.00 ms.
Invoked RoslynAnalysisRunner static constructor.
RoslynAnalysisRunner will not be running.
RoslynAnalysisRunner has terminated.
Mono: successfully reloaded assembly
- Completed reload, in  0.879 seconds
Platform modules already initialized, skipping
Refreshing native plugins compatible for Editor in 0.50 ms, found 0 plugins.
Preloading 0 native plugins for Editor in 0.00 ms.
Unloading 2059 Unused Serialized files (Serialized files now loaded: 0)
System memory in use before: 177.6 MB.
System memory in use after: 177.7 MB.

Unloading 15 unused Assets to reduce memory usage. Loaded Objects now: 2565.
Total: 2.039600 ms (FindLiveObjects: 0.257500 ms CreateObjectMapping: 0.126500 ms MarkObjects: 1.632100 ms  DeleteObjects: 0.022000 ms)

========================================================================
Received Import Request.
  Time since last request: 2048.870328 seconds.
  path: Assets/Scenes/BryannaSampleScene.unity
  artifactKey: Guid(f406a29b035cf28498cb1957c797245c) Importer(815301076,1909f56bfc062723c751e8b465ee728b)
Start importing Assets/Scenes/BryannaSampleScene.unity using Guid(f406a29b035cf28498cb1957c797245c) Importer(815301076,1909f56bfc062723c751e8b465ee728b)  -> (artifact id: 'de50b9558117267152e4c099f0dd1334') in 0.015134 seconds
  Import took 0.018947 seconds .

========================================================================
Received Prepare
Registering precompiled user dll's ...
Registered in 0.009998 seconds.
Begin MonoManager ReloadAssembly
Native extension for Lumin target not found
Native extension for LinuxStandalone target not found
Native extension for WindowsStandalone target not found
Native extension for OSXStandalone target not found
Native extension for WebGL target not found
Refreshing native plugins compatible for Editor in 0.51 ms, found 0 plugins.
Preloading 0 native plugins for Editor in 0.00 ms.
Invoked RoslynAnalysisRunner static constructor.
RoslynAnalysisRunner will not be running.
RoslynAnalysisRunner has terminated.
Mono: successfully reloaded assembly
- Completed reload, in  0.896 seconds
Platform modules already initialized, skipping
Refreshing native plugins compatible for Editor in 0.51 ms, found 0 plugins.
Preloading 0 native plugins for Editor in 0.00 ms.
Unloading 2059 Unused Serialized files (Serialized files now loaded: 0)
System memory in use before: 177.6 MB.
System memory in use after: 177.7 MB.

Unloading 15 unused Assets to reduce memory usage. Loaded Objects now: 2568.
Total: 1.773400 ms (FindLiveObjects: 0.235100 ms CreateObjectMapping: 0.080100 ms MarkObjects: 1.441000 ms  DeleteObjects: 0.016100 ms)

========================================================================
Received Prepare
Registering precompiled user dll's ...
Registered in 0.005162 seconds.
Begin MonoManager ReloadAssembly
Native extension for Lumin target not found
Native extension for LinuxStandalone target not found
Native extension for WindowsStandalone target not found
Native extension for OSXStandalone target not found
Native extension for WebGL target not found
Refreshing native plugins compatible for Editor in 0.77 ms, found 0 plugins.
Preloading 0 native plugins for Editor in 0.00 ms.
Invoked RoslynAnalysisRunner static constructor.
RoslynAnalysisRunner will not be running.
RoslynAnalysisRunner has terminated.
Mono: successfully reloaded assembly
- Completed reload, in  0.916 seconds
Platform modules already initialized, skipping
Refreshing native plugins compatible for Editor in 0.50 ms, found 0 plugins.
Preloading 0 native plugins for Editor in 0.00 ms.
Unloading 2059 Unused Serialized files (Serialized files now loaded: 0)
System memory in use before: 177.5 MB.
System memory in use after: 177.7 MB.

Unloading 15 unused Assets to reduce memory usage. Loaded Objects now: 2571.
Total: 1.731100 ms (FindLiveObjects: 0.184800 ms CreateObjectMapping: 0.096200 ms MarkObjects: 1.430000 ms  DeleteObjects: 0.018800 ms)

========================================================================
Received Prepare
Registering precompiled user dll's ...
Registered in 0.005580 seconds.
Begin MonoManager ReloadAssembly
Native extension for Lumin target not found
Native extension for LinuxStandalone target not found
Native extension for WindowsStandalone target not found
Native extension for OSXStandalone target not found
Native extension for WebGL target not found
Refreshing native plugins compatible for Editor in 0.51 ms, found 0 plugins.
Preloading 0 native plugins for Editor in 0.00 ms.
Invoked RoslynAnalysisRunner static constructor.
RoslynAnalysisRunner will not be running.
RoslynAnalysisRunner has terminated.
Mono: successfully reloaded assembly
- Completed reload, in  0.979 seconds
Platform modules already initialized, skipping
Refreshing native plugins compatible for Editor in 0.76 ms, found 0 plugins.
Preloading 0 native plugins for Editor in 0.00 ms.
Unloading 2059 Unused Serialized files (Serialized files now loaded: 0)
System memory in use before: 177.7 MB.
System memory in use after: 177.8 MB.

Unloading 15 unused Assets to reduce memory usage. Loaded Objects now: 2574.
Total: 1.826700 ms (FindLiveObjects: 0.290300 ms CreateObjectMapping: 0.128400 ms MarkObjects: 1.390000 ms  DeleteObjects: 0.016900 ms)

========================================================================
Received Import Request.
  Time since last request: 2019.772516 seconds.
  path: Assets/Scenes/Multiplayer Forges Area.unity
  artifactKey: Guid(f81eb8ad15f28604899d5c4328c5c09d) Importer(815301076,1909f56bfc062723c751e8b465ee728b)
Start importing Assets/Scenes/Multiplayer Forges Area.unity using Guid(f81eb8ad15f28604899d5c4328c5c09d) Importer(815301076,1909f56bfc062723c751e8b465ee728b)  -> (artifact id: 'a7624834d0cc4ef0c7a6b6283487da15') in 0.030170 seconds
  Import took 0.033898 seconds .

========================================================================
Received Import Request.
  Time since last request: 6.267932 seconds.
  path: Assets/Scenes/NewMultiplayerSai.unity
  artifactKey: Guid(c9c44c9ff813242c3888f539a9c62905) Importer(815301076,1909f56bfc062723c751e8b465ee728b)
Start importing Assets/Scenes/NewMultiplayerSai.unity using Guid(c9c44c9ff813242c3888f539a9c62905) Importer(815301076,1909f56bfc062723c751e8b465ee728b)  -> (artifact id: '922a531fc9a9860084abecdad11b9f1f') in 0.005552 seconds
  Import took 0.008703 seconds .

========================================================================
Received Import Request.
  Time since last request: 5.038818 seconds.
  path: Assets/Scenes/SaiMultiplayer.unity
  artifactKey: Guid(088aebaad71931f4491d1c20cdbe66ab) Importer(815301076,1909f56bfc062723c751e8b465ee728b)
Start importing Assets/Scenes/SaiMultiplayer.unity using Guid(088aebaad71931f4491d1c20cdbe66ab) Importer(815301076,1909f56bfc062723c751e8b465ee728b)  -> (artifact id: '0c6101b3ac1f92f0d719ba0c026c50a8') in 0.005301 seconds
  Import took 0.008307 seconds .

========================================================================
Received Import Request.
  Time since last request: 44.220972 seconds.
  path: Assets/Scenes/BryannaSampleScene.unity
  artifactKey: Guid(f406a29b035cf28498cb1957c797245c) Importer(815301076,1909f56bfc062723c751e8b465ee728b)
Start importing Assets/Scenes/BryannaSampleScene.unity using Guid(f406a29b035cf28498cb1957c797245c) Importer(815301076,1909f56bfc062723c751e8b465ee728b)  -> (artifact id: '230193df5f2a7192053ac07c7ad17665') in 0.004305 seconds
  Import took 0.007424 seconds .

========================================================================
Received Prepare
Registering precompiled user dll's ...
Registered in 0.005263 seconds.
Begin MonoManager ReloadAssembly
Native extension for Lumin target not found
Native extension for LinuxStandalone target not found
Native extension for WindowsStandalone target not found
Native extension for OSXStandalone target not found
Native extension for WebGL target not found
Refreshing native plugins compatible for Editor in 0.53 ms, found 0 plugins.
Preloading 0 native plugins for Editor in 0.00 ms.
Invoked RoslynAnalysisRunner static constructor.
RoslynAnalysisRunner will not be running.
RoslynAnalysisRunner has terminated.
Mono: successfully reloaded assembly
- Completed reload, in  0.882 seconds
Platform modules already initialized, skipping
Refreshing native plugins compatible for Editor in 0.51 ms, found 0 plugins.
Preloading 0 native plugins for Editor in 0.00 ms.
Unloading 2059 Unused Serialized files (Serialized files now loaded: 0)
System memory in use before: 177.8 MB.
System memory in use after: 177.9 MB.

Unloading 15 unused Assets to reduce memory usage. Loaded Objects now: 2577.
Total: 1.771800 ms (FindLiveObjects: 0.180400 ms CreateObjectMapping: 0.078400 ms MarkObjects: 1.494100 ms  DeleteObjects: 0.018100 ms)

========================================================================
Received Prepare
Registering precompiled user dll's ...
Registered in 0.005987 seconds.
Begin MonoManager ReloadAssembly
Native extension for Lumin target not found
Native extension for LinuxStandalone target not found
Native extension for WindowsStandalone target not found
Native extension for OSXStandalone target not found
Native extension for WebGL target not found
Refreshing native plugins compatible for Editor in 0.51 ms, found 0 plugins.
Preloading 0 native plugins for Editor in 0.00 ms.
Invoked RoslynAnalysisRunner static constructor.
RoslynAnalysisRunner will not be running.
RoslynAnalysisRunner has terminated.
Mono: successfully reloaded assembly
- Completed reload, in  0.887 seconds
Platform modules already initialized, skipping
Refreshing native plugins compatible for Editor in 0.54 ms, found 0 plugins.
Preloading 0 native plugins for Editor in 0.00 ms.
Unloading 2059 Unused Serialized files (Serialized files now loaded: 0)
System memory in use before: 177.8 MB.
System memory in use after: 177.9 MB.

Unloading 15 unused Assets to reduce memory usage. Loaded Objects now: 2580.
Total: 1.883100 ms (FindLiveObjects: 0.198200 ms CreateObjectMapping: 0.087000 ms MarkObjects: 1.578300 ms  DeleteObjects: 0.018100 ms)

AssetImportWorkerClient::OnTransportError - code=2 error=End of file
