Using pre-set license
Built from '2020.2/release' branch; Version is '2020.2.1f1 (270dd8c3da1c) revision 2559448'; Using compiler version '192528614'; Build Type 'Release'
OS: 'Windows 10  (10.0.0) 64bit' Language: 'en' Physical Memory: 7069 MB
BatchMode: 1, IsHumanControllingUs: 0, StartBugReporterOnCrash: 0, Is64bit: 1, IsPro: 0

 COMMAND LINE ARGUMENTS:
C:\Program Files\Unity\Hub\Editor\2020.2.1f1\Editor\Unity.exe
-adb2
-batchMode
-noUpm
-name
AssetImportWorker1
-projectPath
C:/Users/racho/OneDrive/Desktop/Gaming-Capstone/Virtual Forge
-logFile
Logs/AssetImportWorker1.log
-srvPort
50034
Successfully changed project path to: C:/Users/racho/OneDrive/Desktop/Gaming-Capstone/Virtual Forge
C:/Users/racho/OneDrive/Desktop/Gaming-Capstone/Virtual Forge
Using Asset Import Pipeline V2.
Refreshing native plugins compatible for Editor in 133.92 ms, found 0 plugins.
Preloading 0 native plugins for Editor in 0.00 ms.
Initialize engine version: 2020.2.1f1 (270dd8c3da1c)
[Subsystems] Discovering subsystems at path C:/Program Files/Unity/Hub/Editor/2020.2.1f1/Editor/Data/Resources/UnitySubsystems
[Subsystems] Discovering subsystems at path C:/Users/racho/OneDrive/Desktop/Gaming-Capstone/Virtual Forge/Assets
GfxDevice: creating device client; threaded=0
Direct3D:
    Version:  Direct3D 11.0 [level 11.1]
    Renderer: AMD Radeon(TM) Vega 8 Graphics (ID=0x15dd)
    Vendor:   
    VRAM:     3534 MB
    Driver:   27.20.1034.6
Initialize mono
Mono path[0] = 'C:/Program Files/Unity/Hub/Editor/2020.2.1f1/Editor/Data/Managed'
Mono path[1] = 'C:/Program Files/Unity/Hub/Editor/2020.2.1f1/Editor/Data/MonoBleedingEdge/lib/mono/unityjit'
Mono config path = 'C:/Program Files/Unity/Hub/Editor/2020.2.1f1/Editor/Data/MonoBleedingEdge/etc'
Using monoOptions --debugger-agent=transport=dt_socket,embedding=1,server=y,suspend=n,address=127.0.0.1:56124
Begin MonoManager ReloadAssembly
Registering precompiled unity dll's ...
Register platform support module: C:/Program Files/Unity/Hub/Editor/2020.2.1f1/Editor/Data/PlaybackEngines/WindowsStandaloneSupport/UnityEditor.WindowsStandalone.Extensions.dll
Registered in 0.004084 seconds.
Native extension for WindowsStandalone target not found
Refreshing native plugins compatible for Editor in 119.34 ms, found 0 plugins.
Preloading 0 native plugins for Editor in 0.00 ms.
Invoked RoslynAnalysisRunner static constructor.
RoslynAnalysisRunner will not be running.
RoslynAnalysisRunner has terminated.
Mono: successfully reloaded assembly
- Completed reload, in  2.607 seconds
Platform modules already initialized, skipping
Registering precompiled user dll's ...
Registered in 0.011534 seconds.
Begin MonoManager ReloadAssembly
Native extension for WindowsStandalone target not found
Refreshing native plugins compatible for Editor in 0.99 ms, found 0 plugins.
Preloading 0 native plugins for Editor in 0.00 ms.
Invoked RoslynAnalysisRunner static constructor.
RoslynAnalysisRunner will not be running.
RoslynAnalysisRunner has terminated.
Mono: successfully reloaded assembly
- Completed reload, in  2.272 seconds
Platform modules already initialized, skipping
========================================================================
Worker process is ready to serve import requests
Launched and connected shader compiler UnityShaderCompiler.exe after 0.08 seconds
Refreshing native plugins compatible for Editor in 1.13 ms, found 0 plugins.
Preloading 0 native plugins for Editor in 0.00 ms.
Unloading 2086 Unused Serialized files (Serialized files now loaded: 0)
System memory in use before: 179.3 MB.
System memory in use after: 179.4 MB.

Unloading 20 unused Assets to reduce memory usage. Loaded Objects now: 2569.
Total: 6.402300 ms (FindLiveObjects: 0.682300 ms CreateObjectMapping: 0.171400 ms MarkObjects: 5.200700 ms  DeleteObjects: 0.343900 ms)

========================================================================
Received Import Request.
  path: Assets/Scenes/Tutorial.unity
  artifactKey: Guid(f406a29b035cf28498cb1957c797245c) Importer(815301076,1909f56bfc062723c751e8b465ee728b)
Start importing Assets/Scenes/Tutorial.unity using Guid(f406a29b035cf28498cb1957c797245c) Importer(815301076,1909f56bfc062723c751e8b465ee728b)  -> (artifact id: 'db775f6f639368e9a1210888f2c33e91') in 0.063831 seconds
  Import took 0.072324 seconds .

========================================================================
Received Prepare
Registering precompiled user dll's ...
Registered in 0.012707 seconds.
Begin MonoManager ReloadAssembly
Native extension for WindowsStandalone target not found
Refreshing native plugins compatible for Editor in 1.08 ms, found 0 plugins.
Preloading 0 native plugins for Editor in 0.00 ms.
Invoked RoslynAnalysisRunner static constructor.
RoslynAnalysisRunner will not be running.
RoslynAnalysisRunner has terminated.
Mono: successfully reloaded assembly
- Completed reload, in  1.842 seconds
Platform modules already initialized, skipping
Refreshing native plugins compatible for Editor in 0.92 ms, found 0 plugins.
Preloading 0 native plugins for Editor in 0.00 ms.
Unloading 2061 Unused Serialized files (Serialized files now loaded: 0)
System memory in use before: 178.8 MB.
System memory in use after: 178.9 MB.

Unloading 15 unused Assets to reduce memory usage. Loaded Objects now: 2572.
Total: 2.972300 ms (FindLiveObjects: 0.301900 ms CreateObjectMapping: 0.080400 ms MarkObjects: 2.555300 ms  DeleteObjects: 0.033100 ms)

========================================================================
Received Prepare
Registering precompiled user dll's ...
Registered in 0.020785 seconds.
Begin MonoManager ReloadAssembly
Native extension for WindowsStandalone target not found
Refreshing native plugins compatible for Editor in 1.80 ms, found 0 plugins.
Preloading 0 native plugins for Editor in 0.00 ms.
Invoked RoslynAnalysisRunner static constructor.
RoslynAnalysisRunner will not be running.
RoslynAnalysisRunner has terminated.
Mono: successfully reloaded assembly
- Completed reload, in  2.826 seconds
Platform modules already initialized, skipping
Refreshing native plugins compatible for Editor in 1.71 ms, found 0 plugins.
Preloading 0 native plugins for Editor in 0.00 ms.
Unloading 2061 Unused Serialized files (Serialized files now loaded: 0)
System memory in use before: 178.8 MB.
System memory in use after: 178.9 MB.

Unloading 15 unused Assets to reduce memory usage. Loaded Objects now: 2575.
Total: 5.691200 ms (FindLiveObjects: 0.627300 ms CreateObjectMapping: 0.297600 ms MarkObjects: 4.703700 ms  DeleteObjects: 0.055200 ms)

========================================================================
Received Prepare
Registering precompiled user dll's ...
Registered in 0.039546 seconds.
Begin MonoManager ReloadAssembly
Native extension for WindowsStandalone target not found
Refreshing native plugins compatible for Editor in 1.95 ms, found 0 plugins.
Preloading 0 native plugins for Editor in 0.00 ms.
Invoked RoslynAnalysisRunner static constructor.
RoslynAnalysisRunner will not be running.
RoslynAnalysisRunner has terminated.
Mono: successfully reloaded assembly
- Completed reload, in  2.813 seconds
Platform modules already initialized, skipping
Refreshing native plugins compatible for Editor in 1.17 ms, found 0 plugins.
Preloading 0 native plugins for Editor in 0.00 ms.
Unloading 2061 Unused Serialized files (Serialized files now loaded: 0)
System memory in use before: 178.8 MB.
System memory in use after: 179.0 MB.

Unloading 15 unused Assets to reduce memory usage. Loaded Objects now: 2578.
Total: 5.617800 ms (FindLiveObjects: 0.568400 ms CreateObjectMapping: 0.259200 ms MarkObjects: 4.733900 ms  DeleteObjects: 0.053600 ms)

========================================================================
Received Prepare
Registering precompiled user dll's ...
Registered in 0.017664 seconds.
Begin MonoManager ReloadAssembly
Native extension for WindowsStandalone target not found
Refreshing native plugins compatible for Editor in 1.56 ms, found 0 plugins.
Preloading 0 native plugins for Editor in 0.00 ms.
Invoked RoslynAnalysisRunner static constructor.
RoslynAnalysisRunner will not be running.
RoslynAnalysisRunner has terminated.
Mono: successfully reloaded assembly
- Completed reload, in  3.048 seconds
Platform modules already initialized, skipping
Refreshing native plugins compatible for Editor in 1.65 ms, found 0 plugins.
Preloading 0 native plugins for Editor in 0.00 ms.
Unloading 2061 Unused Serialized files (Serialized files now loaded: 0)
System memory in use before: 178.9 MB.
System memory in use after: 179.0 MB.

Unloading 15 unused Assets to reduce memory usage. Loaded Objects now: 2581.
Total: 4.108600 ms (FindLiveObjects: 0.531000 ms CreateObjectMapping: 0.128700 ms MarkObjects: 3.406000 ms  DeleteObjects: 0.040600 ms)

========================================================================
Received Prepare
Registering precompiled user dll's ...
Registered in 0.019559 seconds.
Begin MonoManager ReloadAssembly
Native extension for WindowsStandalone target not found
Refreshing native plugins compatible for Editor in 1.20 ms, found 0 plugins.
Preloading 0 native plugins for Editor in 0.00 ms.
Invoked RoslynAnalysisRunner static constructor.
RoslynAnalysisRunner will not be running.
RoslynAnalysisRunner has terminated.
Mono: successfully reloaded assembly
- Completed reload, in  2.435 seconds
Platform modules already initialized, skipping
Refreshing native plugins compatible for Editor in 1.31 ms, found 0 plugins.
Preloading 0 native plugins for Editor in 0.00 ms.
Unloading 2061 Unused Serialized files (Serialized files now loaded: 0)
System memory in use before: 178.8 MB.
System memory in use after: 178.9 MB.

Unloading 15 unused Assets to reduce memory usage. Loaded Objects now: 2584.
Total: 4.038100 ms (FindLiveObjects: 0.374500 ms CreateObjectMapping: 0.105900 ms MarkObjects: 3.514100 ms  DeleteObjects: 0.041300 ms)

========================================================================
Received Prepare
Registering precompiled user dll's ...
Registered in 0.022941 seconds.
Begin MonoManager ReloadAssembly
Native extension for WindowsStandalone target not found
Refreshing native plugins compatible for Editor in 2.13 ms, found 0 plugins.
Preloading 0 native plugins for Editor in 0.00 ms.
Invoked RoslynAnalysisRunner static constructor.
RoslynAnalysisRunner will not be running.
RoslynAnalysisRunner has terminated.
Mono: successfully reloaded assembly
- Completed reload, in  5.029 seconds
Platform modules already initialized, skipping
Refreshing native plugins compatible for Editor in 1.97 ms, found 0 plugins.
Preloading 0 native plugins for Editor in 0.00 ms.
Unloading 2061 Unused Serialized files (Serialized files now loaded: 0)
System memory in use before: 178.9 MB.
System memory in use after: 179.0 MB.

Unloading 15 unused Assets to reduce memory usage. Loaded Objects now: 2587.
Total: 6.555400 ms (FindLiveObjects: 0.851500 ms CreateObjectMapping: 0.361400 ms MarkObjects: 5.291200 ms  DeleteObjects: 0.047800 ms)

========================================================================
Received Prepare
Registering precompiled user dll's ...
Registered in 5.386273 seconds.
Begin MonoManager ReloadAssembly
Native extension for WindowsStandalone target not found
Refreshing native plugins compatible for Editor in 1.64 ms, found 0 plugins.
Preloading 0 native plugins for Editor in 0.00 ms.
Invoked RoslynAnalysisRunner static constructor.
RoslynAnalysisRunner will not be running.
RoslynAnalysisRunner has terminated.
Mono: successfully reloaded assembly
- Completed reload, in  4.486 seconds
Platform modules already initialized, skipping
Refreshing native plugins compatible for Editor in 2.11 ms, found 0 plugins.
Preloading 0 native plugins for Editor in 0.00 ms.
Unloading 2062 Unused Serialized files (Serialized files now loaded: 0)
System memory in use before: 178.9 MB.
System memory in use after: 179.0 MB.

Unloading 15 unused Assets to reduce memory usage. Loaded Objects now: 2591.
Total: 8.029400 ms (FindLiveObjects: 1.227000 ms CreateObjectMapping: 0.510700 ms MarkObjects: 6.231900 ms  DeleteObjects: 0.056400 ms)

========================================================================
Received Prepare
Registering precompiled user dll's ...
Registered in 0.041922 seconds.
Begin MonoManager ReloadAssembly
Native extension for WindowsStandalone target not found
Refreshing native plugins compatible for Editor in 1.76 ms, found 0 plugins.
Preloading 0 native plugins for Editor in 0.00 ms.
Invoked RoslynAnalysisRunner static constructor.
RoslynAnalysisRunner will not be running.
RoslynAnalysisRunner has terminated.
Mono: successfully reloaded assembly
- Completed reload, in  3.987 seconds
Platform modules already initialized, skipping
Refreshing native plugins compatible for Editor in 1.52 ms, found 0 plugins.
Preloading 0 native plugins for Editor in 0.00 ms.
Unloading 2062 Unused Serialized files (Serialized files now loaded: 0)
System memory in use before: 178.9 MB.
System memory in use after: 179.0 MB.

Unloading 15 unused Assets to reduce memory usage. Loaded Objects now: 2594.
Total: 5.770400 ms (FindLiveObjects: 0.588100 ms CreateObjectMapping: 0.286500 ms MarkObjects: 4.788300 ms  DeleteObjects: 0.103200 ms)

========================================================================
Received Import Request.
  Time since last request: 2778.813020 seconds.
  path: Assets/Scripts/GradingArea.cs
  artifactKey: Guid(407c9509e4f01b34294442b807988e45) Importer(815301076,1909f56bfc062723c751e8b465ee728b)
Start importing Assets/Scripts/GradingArea.cs using Guid(407c9509e4f01b34294442b807988e45) Importer(815301076,1909f56bfc062723c751e8b465ee728b)  -> (artifact id: '69fa48aad89a8c4c7345ac972b22b9d5') in 0.122299 seconds
  Import took 0.131114 seconds .

========================================================================
Received Import Request.
  Time since last request: 63.014369 seconds.
  path: Assets/Scenes/Tutorial
  artifactKey: Guid(9ba181ac0a8a8f141b6f430c390b1e38) Importer(815301076,1909f56bfc062723c751e8b465ee728b)
Start importing Assets/Scenes/Tutorial using Guid(9ba181ac0a8a8f141b6f430c390b1e38) Importer(815301076,1909f56bfc062723c751e8b465ee728b)  -> (artifact id: '57e68f1bcae06d30a4a690f47029d236') in 0.033493 seconds
  Import took 0.041745 seconds .

========================================================================
Received Import Request.
  Time since last request: 0.000742 seconds.
  path: Assets/Scenes/Tutorial/Lightmap-4_comp_dir.png
  artifactKey: Guid(6ed8e9612a02be745a47cf0e4d607f37) Importer(815301076,1909f56bfc062723c751e8b465ee728b)
Start importing Assets/Scenes/Tutorial/Lightmap-4_comp_dir.png using Guid(6ed8e9612a02be745a47cf0e4d607f37) Importer(815301076,1909f56bfc062723c751e8b465ee728b)  -> (artifact id: '34f89af138150ca9bf007d5610d0640d') in 0.360481 seconds
  Import took 0.373834 seconds .

========================================================================
Received Import Request.
  Time since last request: 0.000764 seconds.
  path: Assets/Scenes/Tutorial/LightingData.asset
  artifactKey: Guid(1d85c6e459b973c41b203bb5351a17dd) Importer(815301076,1909f56bfc062723c751e8b465ee728b)
Start importing Assets/Scenes/Tutorial/LightingData.asset using Guid(1d85c6e459b973c41b203bb5351a17dd) Importer(815301076,1909f56bfc062723c751e8b465ee728b)  -> (artifact id: 'cc590e043da2b45e823a6dcadfb7b8e4') in 0.032863 seconds
  Import took 0.042207 seconds .

========================================================================
Received Import Request.
  Time since last request: 0.000412 seconds.
  path: Assets/Scenes/Tutorial/Lightmap-0_comp_light.exr
  artifactKey: Guid(130ecd07734ec0447b4653797b41b74d) Importer(815301076,1909f56bfc062723c751e8b465ee728b)
Start importing Assets/Scenes/Tutorial/Lightmap-0_comp_light.exr using Guid(130ecd07734ec0447b4653797b41b74d) Importer(815301076,1909f56bfc062723c751e8b465ee728b)  -> (artifact id: '6faafb2741084b205fb3aa413fce1535') in 0.199011 seconds
  Import took 0.207593 seconds .

========================================================================
Received Import Request.
  Time since last request: 0.000753 seconds.
  path: Assets/Scenes/Tutorial/Lightmap-0_comp_dir.png
  artifactKey: Guid(f20ad388282d94441a11f95d8a94ca24) Importer(815301076,1909f56bfc062723c751e8b465ee728b)
Start importing Assets/Scenes/Tutorial/Lightmap-0_comp_dir.png using Guid(f20ad388282d94441a11f95d8a94ca24) Importer(815301076,1909f56bfc062723c751e8b465ee728b)  -> (artifact id: 'b6c599c50b50b64f2e3d0b153520e821') in 0.047905 seconds
  Import took 0.056582 seconds .

========================================================================
Received Import Request.
  Time since last request: 0.000481 seconds.
  path: Assets/Scenes/Tutorial/Lightmap-3_comp_light.exr
  artifactKey: Guid(ffb25615981932845bfb73a17fa2e891) Importer(815301076,1909f56bfc062723c751e8b465ee728b)
Start importing Assets/Scenes/Tutorial/Lightmap-3_comp_light.exr using Guid(ffb25615981932845bfb73a17fa2e891) Importer(815301076,1909f56bfc062723c751e8b465ee728b)  -> (artifact id: '83c214b52afe53701575f72559842405') in 0.043192 seconds
  Import took 0.056694 seconds .

========================================================================
Received Import Request.
  Time since last request: 0.002491 seconds.
  path: Assets/Scenes/Tutorial/Lightmap-2_comp_dir.png
  artifactKey: Guid(692354980c5bcf940bb86a5ed464b893) Importer(815301076,1909f56bfc062723c751e8b465ee728b)
Start importing Assets/Scenes/Tutorial/Lightmap-2_comp_dir.png using Guid(692354980c5bcf940bb86a5ed464b893) Importer(815301076,1909f56bfc062723c751e8b465ee728b)  -> (artifact id: 'e9b402b755b3a3ed0507c425c02dac4c') in 0.057009 seconds
  Import took 0.066876 seconds .

========================================================================
Received Import Request.
  Time since last request: 0.000534 seconds.
  path: Assets/Scenes/Tutorial/Lightmap-2_comp_light.exr
  artifactKey: Guid(238379cee9a6a994e9e3a9eb43bdc27e) Importer(815301076,1909f56bfc062723c751e8b465ee728b)
Start importing Assets/Scenes/Tutorial/Lightmap-2_comp_light.exr using Guid(238379cee9a6a994e9e3a9eb43bdc27e) Importer(815301076,1909f56bfc062723c751e8b465ee728b)  -> (artifact id: 'edb36ebeb796defd7497ad3715781913') in 0.052124 seconds
  Import took 0.063621 seconds .

========================================================================
Received Import Request.
  Time since last request: 0.000497 seconds.
  path: Assets/Scenes/Tutorial/Lightmap-1_comp_light.exr
  artifactKey: Guid(4be09dc5c8a230f43bffc4268abb8f98) Importer(815301076,1909f56bfc062723c751e8b465ee728b)
Start importing Assets/Scenes/Tutorial/Lightmap-1_comp_light.exr using Guid(4be09dc5c8a230f43bffc4268abb8f98) Importer(815301076,1909f56bfc062723c751e8b465ee728b)  -> (artifact id: '8d63c86b9b17cc3277d6ff393a027c31') in 0.046923 seconds
  Import took 0.056839 seconds .

========================================================================
Received Import Request.
  Time since last request: 0.000438 seconds.
  path: Assets/Scenes/Tutorial/Lightmap-4_comp_light.exr
  artifactKey: Guid(4a507680b0416d048a6210ecd43dfd23) Importer(815301076,1909f56bfc062723c751e8b465ee728b)
Start importing Assets/Scenes/Tutorial/Lightmap-4_comp_light.exr using Guid(4a507680b0416d048a6210ecd43dfd23) Importer(815301076,1909f56bfc062723c751e8b465ee728b)  -> (artifact id: '42a65e38d88c5766db53920487ff247e') in 0.048619 seconds
  Import took 0.057737 seconds .

========================================================================
Received Import Request.
  Time since last request: 0.000396 seconds.
  path: Assets/Scenes/Tutorial/Lightmap-1_comp_dir.png
  artifactKey: Guid(d7a35ceb9e6828446944ba5be3acace1) Importer(815301076,1909f56bfc062723c751e8b465ee728b)
Start importing Assets/Scenes/Tutorial/Lightmap-1_comp_dir.png using Guid(d7a35ceb9e6828446944ba5be3acace1) Importer(815301076,1909f56bfc062723c751e8b465ee728b)  -> (artifact id: 'f14be4e2ce174feb60fea9d927e42b64') in 0.050021 seconds
  Import took 0.062203 seconds .

========================================================================
Received Import Request.
  Time since last request: 0.000484 seconds.
  path: Assets/Scenes/Tutorial/ReflectionProbe-0.exr
  artifactKey: Guid(af2b56765e592964c92db59c7c84b767) Importer(815301076,1909f56bfc062723c751e8b465ee728b)
Start importing Assets/Scenes/Tutorial/ReflectionProbe-0.exr using Guid(af2b56765e592964c92db59c7c84b767) Importer(815301076,1909f56bfc062723c751e8b465ee728b)  -> (artifact id: 'a7232320a61eb445d7de3d2688026a54') in 0.176115 seconds
  Import took 0.186218 seconds .

========================================================================
Received Import Request.
  Time since last request: 0.000407 seconds.
  path: Assets/Scenes/Tutorial/Lightmap-3_comp_dir.png
  artifactKey: Guid(dfa6a1a5a906f0a459944f883644cdbd) Importer(815301076,1909f56bfc062723c751e8b465ee728b)
Start importing Assets/Scenes/Tutorial/Lightmap-3_comp_dir.png using Guid(dfa6a1a5a906f0a459944f883644cdbd) Importer(815301076,1909f56bfc062723c751e8b465ee728b)  -> (artifact id: '11aa71ec3565da76c948c56dedfdc95e') in 0.058964 seconds
  Import took 0.069435 seconds .

========================================================================
Received Import Request.
  Time since last request: 222.393775 seconds.
  path: Assets/Scripts/MeltingTimer.cs
  artifactKey: Guid(0833f7e2e070203438173ebe356430c3) Importer(815301076,1909f56bfc062723c751e8b465ee728b)
Start importing Assets/Scripts/MeltingTimer.cs using Guid(0833f7e2e070203438173ebe356430c3) Importer(815301076,1909f56bfc062723c751e8b465ee728b)  -> (artifact id: '016d5443c416e38ecbbdca592341c029') in 0.032565 seconds
  Import took 0.044951 seconds .

========================================================================
Received Import Request.
  Time since last request: 8.641128 seconds.
  path: Assets/Scripts/Forging.cs
  artifactKey: Guid(d22047e20a849394e8a5a359b48ed674) Importer(815301076,1909f56bfc062723c751e8b465ee728b)
Start importing Assets/Scripts/Forging.cs using Guid(d22047e20a849394e8a5a359b48ed674) Importer(815301076,1909f56bfc062723c751e8b465ee728b)  -> (artifact id: '7565a803e774cdcdd38ece1f97de3d85') in 0.034499 seconds
  Import took 0.052398 seconds .

========================================================================
Received Import Request.
  Time since last request: 0.002221 seconds.
  path: Assets/Scripts/Forging.cs
  artifactKey: Guid(d22047e20a849394e8a5a359b48ed674) Importer(815301076,1909f56bfc062723c751e8b465ee728b)
Start importing Assets/Scripts/Forging.cs using Guid(d22047e20a849394e8a5a359b48ed674) Importer(815301076,1909f56bfc062723c751e8b465ee728b)  -> (artifact id: '7565a803e774cdcdd38ece1f97de3d85') in 0.037661 seconds
  Import took 0.055894 seconds .

========================================================================
Received Import Request.
  Time since last request: 8.632105 seconds.
  path: Assets/Scripts/PlayerToolControl.cs
  artifactKey: Guid(cb1f52f1ec721d748bfc2d083dfe68b7) Importer(815301076,1909f56bfc062723c751e8b465ee728b)
Start importing Assets/Scripts/PlayerToolControl.cs using Guid(cb1f52f1ec721d748bfc2d083dfe68b7) Importer(815301076,1909f56bfc062723c751e8b465ee728b)  -> (artifact id: 'fd84e2dd720fa87027699bf32e7b7612') in 0.030060 seconds
  Import took 0.039326 seconds .

========================================================================
Received Import Request.
  Time since last request: 10.220026 seconds.
  path: Assets/Scripts/PhysicsDeformer.cs
  artifactKey: Guid(ab3d4b4362f1dee4ab853ece2241d2ba) Importer(815301076,1909f56bfc062723c751e8b465ee728b)
Start importing Assets/Scripts/PhysicsDeformer.cs using Guid(ab3d4b4362f1dee4ab853ece2241d2ba) Importer(815301076,1909f56bfc062723c751e8b465ee728b)  -> (artifact id: '4cc29b94711384ed306ac5a54e923bee') in 0.029703 seconds
  Import took 0.039893 seconds .

========================================================================
Received Prepare
Registering precompiled user dll's ...
Registered in 0.028223 seconds.
Begin MonoManager ReloadAssembly
Native extension for WindowsStandalone target not found
Refreshing native plugins compatible for Editor in 1.73 ms, found 0 plugins.
Preloading 0 native plugins for Editor in 0.00 ms.
Invoked RoslynAnalysisRunner static constructor.
RoslynAnalysisRunner will not be running.
RoslynAnalysisRunner has terminated.
Mono: successfully reloaded assembly
- Completed reload, in  8.081 seconds
Platform modules already initialized, skipping
Refreshing native plugins compatible for Editor in 1.68 ms, found 0 plugins.
Preloading 0 native plugins for Editor in 0.00 ms.
Unloading 2061 Unused Serialized files (Serialized files now loaded: 0)
System memory in use before: 182.2 MB.
System memory in use after: 182.3 MB.

Unloading 15 unused Assets to reduce memory usage. Loaded Objects now: 2632.
Total: 6.158200 ms (FindLiveObjects: 0.735800 ms CreateObjectMapping: 0.386300 ms MarkObjects: 4.980700 ms  DeleteObjects: 0.052000 ms)

========================================================================
Received Prepare
Registering precompiled user dll's ...
Registered in 0.018754 seconds.
Begin MonoManager ReloadAssembly
Native extension for WindowsStandalone target not found
Refreshing native plugins compatible for Editor in 1.79 ms, found 0 plugins.
Preloading 0 native plugins for Editor in 0.00 ms.
Invoked RoslynAnalysisRunner static constructor.
RoslynAnalysisRunner will not be running.
RoslynAnalysisRunner has terminated.
Mono: successfully reloaded assembly
- Completed reload, in  2.968 seconds
Platform modules already initialized, skipping
Refreshing native plugins compatible for Editor in 1.60 ms, found 0 plugins.
Preloading 0 native plugins for Editor in 0.00 ms.
Unloading 2061 Unused Serialized files (Serialized files now loaded: 0)
System memory in use before: 182.1 MB.
System memory in use after: 182.2 MB.

Unloading 15 unused Assets to reduce memory usage. Loaded Objects now: 2635.
Total: 4.965800 ms (FindLiveObjects: 0.554800 ms CreateObjectMapping: 0.197900 ms MarkObjects: 4.170800 ms  DeleteObjects: 0.039300 ms)

========================================================================
Received Import Request.
  Time since last request: 42.246010 seconds.
  path: Assets/Scripts/GradingArea.cs
  artifactKey: Guid(407c9509e4f01b34294442b807988e45) Importer(815301076,1909f56bfc062723c751e8b465ee728b)
Start importing Assets/Scripts/GradingArea.cs using Guid(407c9509e4f01b34294442b807988e45) Importer(815301076,1909f56bfc062723c751e8b465ee728b)  -> (artifact id: '72b8d9f93b47e7fab73ef5627f9a032b') in 0.028533 seconds
  Import took 0.039959 seconds .

========================================================================
Received Prepare
Registering precompiled user dll's ...
Registered in 0.023202 seconds.
Begin MonoManager ReloadAssembly
Native extension for WindowsStandalone target not found
Refreshing native plugins compatible for Editor in 1.80 ms, found 0 plugins.
Preloading 0 native plugins for Editor in 0.00 ms.
Invoked RoslynAnalysisRunner static constructor.
RoslynAnalysisRunner will not be running.
RoslynAnalysisRunner has terminated.
Mono: successfully reloaded assembly
- Completed reload, in  2.644 seconds
Platform modules already initialized, skipping
Refreshing native plugins compatible for Editor in 1.56 ms, found 0 plugins.
Preloading 0 native plugins for Editor in 0.00 ms.
Unloading 2061 Unused Serialized files (Serialized files now loaded: 0)
System memory in use before: 182.2 MB.
System memory in use after: 182.3 MB.

Unloading 15 unused Assets to reduce memory usage. Loaded Objects now: 2638.
Total: 6.479500 ms (FindLiveObjects: 0.647900 ms CreateObjectMapping: 0.424000 ms MarkObjects: 5.345000 ms  DeleteObjects: 0.059500 ms)

========================================================================
Received Prepare
Registering precompiled user dll's ...
Registered in 0.014603 seconds.
Begin MonoManager ReloadAssembly
Native extension for WindowsStandalone target not found
Refreshing native plugins compatible for Editor in 1.75 ms, found 0 plugins.
Preloading 0 native plugins for Editor in 0.00 ms.
Invoked RoslynAnalysisRunner static constructor.
RoslynAnalysisRunner will not be running.
RoslynAnalysisRunner has terminated.
Mono: successfully reloaded assembly
- Completed reload, in  2.664 seconds
Platform modules already initialized, skipping
Refreshing native plugins compatible for Editor in 1.17 ms, found 0 plugins.
Preloading 0 native plugins for Editor in 0.00 ms.
Unloading 2061 Unused Serialized files (Serialized files now loaded: 0)
System memory in use before: 182.2 MB.
System memory in use after: 182.3 MB.

Unloading 15 unused Assets to reduce memory usage. Loaded Objects now: 2641.
Total: 4.168900 ms (FindLiveObjects: 0.583000 ms CreateObjectMapping: 0.211500 ms MarkObjects: 3.330300 ms  DeleteObjects: 0.040800 ms)

========================================================================
Received Prepare
Registering precompiled user dll's ...
Registered in 0.017202 seconds.
Begin MonoManager ReloadAssembly
Native extension for WindowsStandalone target not found
Refreshing native plugins compatible for Editor in 1.19 ms, found 0 plugins.
Preloading 0 native plugins for Editor in 0.00 ms.
Invoked RoslynAnalysisRunner static constructor.
RoslynAnalysisRunner will not be running.
RoslynAnalysisRunner has terminated.
Mono: successfully reloaded assembly
- Completed reload, in  2.679 seconds
Platform modules already initialized, skipping
Refreshing native plugins compatible for Editor in 1.16 ms, found 0 plugins.
Preloading 0 native plugins for Editor in 0.00 ms.
Unloading 2061 Unused Serialized files (Serialized files now loaded: 0)
System memory in use before: 182.2 MB.
System memory in use after: 182.3 MB.

Unloading 15 unused Assets to reduce memory usage. Loaded Objects now: 2644.
Total: 5.177400 ms (FindLiveObjects: 0.616300 ms CreateObjectMapping: 0.248200 ms MarkObjects: 4.264100 ms  DeleteObjects: 0.046000 ms)

========================================================================
Received Import Request.
  Time since last request: 468.384662 seconds.
  path: Assets/Prefabs
  artifactKey: Guid(c18d0a3901a8e483999e525bae2ea44f) Importer(815301076,1909f56bfc062723c751e8b465ee728b)
Start importing Assets/Prefabs using Guid(c18d0a3901a8e483999e525bae2ea44f) Importer(815301076,1909f56bfc062723c751e8b465ee728b)  -> (artifact id: 'd010efed954dfdea791b9452065330df') in 0.035344 seconds
  Import took 0.045763 seconds .

========================================================================
Received Import Request.
  Time since last request: 0.002887 seconds.
  path: Assets/Prefabs
  artifactKey: Guid(c18d0a3901a8e483999e525bae2ea44f) Importer(815301076,1909f56bfc062723c751e8b465ee728b)
Start importing Assets/Prefabs using Guid(c18d0a3901a8e483999e525bae2ea44f) Importer(815301076,1909f56bfc062723c751e8b465ee728b)  -> (artifact id: 'd010efed954dfdea791b9452065330df') in 0.011161 seconds
  Import took 0.021677 seconds .

========================================================================
Received Import Request.
  Time since last request: 0.015422 seconds.
  path: Assets/Prefabs/Copper Ore.prefab
  artifactKey: Guid(4695a2746cdcc29488b7d51a54c0d2e8) Importer(815301076,1909f56bfc062723c751e8b465ee728b)
Start importing Assets/Prefabs/Copper Ore.prefab using Guid(4695a2746cdcc29488b7d51a54c0d2e8) Importer(815301076,1909f56bfc062723c751e8b465ee728b)  -> (artifact id: '5577ae42ddef981578e1886bf086f76a') in 0.337851 seconds
  Import took 0.347834 seconds .

========================================================================
Received Import Request.
  Time since last request: 0.000407 seconds.
  path: Assets/Prefabs/Whetstone.prefab
  artifactKey: Guid(bd13ab56337f0a44c9f6560a324ec8b1) Importer(815301076,1909f56bfc062723c751e8b465ee728b)
Start importing Assets/Prefabs/Whetstone.prefab using Guid(bd13ab56337f0a44c9f6560a324ec8b1) Importer(815301076,1909f56bfc062723c751e8b465ee728b)  -> (artifact id: 'ec407d3881f8406c154c91a08636e393') in 0.355832 seconds
  Import took 0.365432 seconds .

========================================================================
Received Import Request.
  Time since last request: 0.000745 seconds.
  path: Assets/Prefabs/copper_sword textured.prefab
  artifactKey: Guid(2689a93afe602f04d9296f089c388a85) Importer(815301076,1909f56bfc062723c751e8b465ee728b)
Start importing Assets/Prefabs/copper_sword textured.prefab using Guid(2689a93afe602f04d9296f089c388a85) Importer(815301076,1909f56bfc062723c751e8b465ee728b)  -> (artifact id: 'e0e4341a723397dc7225c5a3cc200c41') in 0.078782 seconds
  Import took 0.089284 seconds .

========================================================================
Received Import Request.
  Time since last request: 0.000854 seconds.
  path: Assets/Prefabs/copper_sword.prefab
  artifactKey: Guid(3816f2e660ecb1141a64a9fec2b47c84) Importer(815301076,1909f56bfc062723c751e8b465ee728b)
Start importing Assets/Prefabs/copper_sword.prefab using Guid(3816f2e660ecb1141a64a9fec2b47c84) Importer(815301076,1909f56bfc062723c751e8b465ee728b)  -> (artifact id: '14b6992ce62816e6c7fe12c6fa92dd8d') in 0.115116 seconds
  Import took 0.134556 seconds .

========================================================================
Received Import Request.
  Time since last request: 0.003635 seconds.
  path: Assets/Prefabs/FPSPlayer.prefab
  artifactKey: Guid(eedd1ae0961a1e04e9adf08f7416bd05) Importer(815301076,1909f56bfc062723c751e8b465ee728b)
Start importing Assets/Prefabs/FPSPlayer.prefab using Guid(eedd1ae0961a1e04e9adf08f7416bd05) Importer(815301076,1909f56bfc062723c751e8b465ee728b)  -> (artifact id: '2de6fb4f3172171f278e58df3e65ebb6') in 0.130972 seconds
  Import took 0.148017 seconds .

========================================================================
Received Prepare
Registering precompiled user dll's ...
Registered in 0.021548 seconds.
Begin MonoManager ReloadAssembly
Native extension for WindowsStandalone target not found
Refreshing native plugins compatible for Editor in 1.91 ms, found 0 plugins.
Preloading 0 native plugins for Editor in 0.00 ms.
Invoked RoslynAnalysisRunner static constructor.
RoslynAnalysisRunner will not be running.
RoslynAnalysisRunner has terminated.
Mono: successfully reloaded assembly
- Completed reload, in  2.678 seconds
Platform modules already initialized, skipping
Refreshing native plugins compatible for Editor in 1.56 ms, found 0 plugins.
Preloading 0 native plugins for Editor in 0.00 ms.
Unloading 2061 Unused Serialized files (Serialized files now loaded: 0)
System memory in use before: 182.3 MB.
System memory in use after: 182.4 MB.

Unloading 16 unused Assets to reduce memory usage. Loaded Objects now: 2650.
Total: 4.344800 ms (FindLiveObjects: 0.407700 ms CreateObjectMapping: 0.120600 ms MarkObjects: 3.762100 ms  DeleteObjects: 0.051700 ms)

========================================================================
Received Prepare
Registering precompiled user dll's ...
Registered in 0.016718 seconds.
Begin MonoManager ReloadAssembly
Native extension for WindowsStandalone target not found
Refreshing native plugins compatible for Editor in 2.58 ms, found 0 plugins.
Preloading 0 native plugins for Editor in 0.00 ms.
Invoked RoslynAnalysisRunner static constructor.
RoslynAnalysisRunner will not be running.
RoslynAnalysisRunner has terminated.
Mono: successfully reloaded assembly
- Completed reload, in  2.649 seconds
Platform modules already initialized, skipping
Refreshing native plugins compatible for Editor in 1.18 ms, found 0 plugins.
Preloading 0 native plugins for Editor in 0.00 ms.
Unloading 2061 Unused Serialized files (Serialized files now loaded: 0)
System memory in use before: 182.2 MB.
System memory in use after: 182.3 MB.

Unloading 15 unused Assets to reduce memory usage. Loaded Objects now: 2653.
Total: 4.057700 ms (FindLiveObjects: 0.429800 ms CreateObjectMapping: 0.124500 ms MarkObjects: 3.463600 ms  DeleteObjects: 0.037100 ms)

========================================================================
Received Prepare
Registering precompiled user dll's ...
Registered in 0.013925 seconds.
Begin MonoManager ReloadAssembly
Native extension for WindowsStandalone target not found
Refreshing native plugins compatible for Editor in 1.57 ms, found 0 plugins.
Preloading 0 native plugins for Editor in 0.00 ms.
Invoked RoslynAnalysisRunner static constructor.
RoslynAnalysisRunner will not be running.
RoslynAnalysisRunner has terminated.
Mono: successfully reloaded assembly
- Completed reload, in  2.711 seconds
Platform modules already initialized, skipping
Refreshing native plugins compatible for Editor in 1.22 ms, found 0 plugins.
Preloading 0 native plugins for Editor in 0.00 ms.
Unloading 2061 Unused Serialized files (Serialized files now loaded: 0)
System memory in use before: 182.3 MB.
System memory in use after: 182.4 MB.

Unloading 15 unused Assets to reduce memory usage. Loaded Objects now: 2656.
Total: 4.561000 ms (FindLiveObjects: 0.632100 ms CreateObjectMapping: 0.235700 ms MarkObjects: 3.651600 ms  DeleteObjects: 0.039000 ms)

========================================================================
Received Import Request.
  Time since last request: 576.549995 seconds.
  path: Assets/Models/UI/P1 UI Label.prefab
  artifactKey: Guid(e432533832b4375428a12ec3f55aadc8) Importer(815301076,1909f56bfc062723c751e8b465ee728b)
Start importing Assets/Models/UI/P1 UI Label.prefab using Guid(e432533832b4375428a12ec3f55aadc8) Importer(815301076,1909f56bfc062723c751e8b465ee728b)  -> (artifact id: 'fdd696eb715c598126752a95e4cacdae') in 0.115521 seconds
  Import took 0.130078 seconds .

========================================================================
Received Import Request.
  Time since last request: 1.541352 seconds.
  path: Assets/Models/UI/P2 UI Label.prefab
  artifactKey: Guid(56cb1a1701654bd4786da4c8e0b74307) Importer(815301076,1909f56bfc062723c751e8b465ee728b)
Start importing Assets/Models/UI/P2 UI Label.prefab using Guid(56cb1a1701654bd4786da4c8e0b74307) Importer(815301076,1909f56bfc062723c751e8b465ee728b)  -> (artifact id: '53bf6df2a5d21497c445b68fd6bfb4cf') in 0.114296 seconds
  Import took 0.151974 seconds .

========================================================================
Received Import Request.
  Time since last request: 0.743100 seconds.
  path: Assets/Models/UI/P2 UI Label.prefab
  artifactKey: Guid(56cb1a1701654bd4786da4c8e0b74307) Importer(815301076,1909f56bfc062723c751e8b465ee728b)
Start importing Assets/Models/UI/P2 UI Label.prefab using Guid(56cb1a1701654bd4786da4c8e0b74307) Importer(815301076,1909f56bfc062723c751e8b465ee728b)  -> (artifact id: '196406c4241e16e1021d9bee97680806') in 0.015410 seconds
  Import took 0.024878 seconds .

========================================================================
Received Import Request.
  Time since last request: 0.025305 seconds.
  path: Assets/Models/UI/P2 UI Label.prefab
  artifactKey: Guid(56cb1a1701654bd4786da4c8e0b74307) Importer(815301076,1909f56bfc062723c751e8b465ee728b)
Start importing Assets/Models/UI/P2 UI Label.prefab using Guid(56cb1a1701654bd4786da4c8e0b74307) Importer(815301076,1909f56bfc062723c751e8b465ee728b)  -> (artifact id: '196406c4241e16e1021d9bee97680806') in 0.021928 seconds
  Import took 0.034215 seconds .

========================================================================
Received Import Request.
  Time since last request: 1.224562 seconds.
  path: Assets/Models/UI/P2 UI Label.prefab
  artifactKey: Guid(56cb1a1701654bd4786da4c8e0b74307) Importer(815301076,1909f56bfc062723c751e8b465ee728b)
Start importing Assets/Models/UI/P2 UI Label.prefab using Guid(56cb1a1701654bd4786da4c8e0b74307) Importer(815301076,1909f56bfc062723c751e8b465ee728b)  -> (artifact id: '89ae68a1bdba509705b8d2213e3c040d') in 0.017696 seconds
  Import took 0.027104 seconds .

========================================================================
Received Prepare
Registering precompiled user dll's ...
Registered in 0.016560 seconds.
Begin MonoManager ReloadAssembly
Native extension for WindowsStandalone target not found
Refreshing native plugins compatible for Editor in 1.78 ms, found 0 plugins.
Preloading 0 native plugins for Editor in 0.00 ms.
Invoked RoslynAnalysisRunner static constructor.
RoslynAnalysisRunner will not be running.
RoslynAnalysisRunner has terminated.
Mono: successfully reloaded assembly
- Completed reload, in  2.646 seconds
Platform modules already initialized, skipping
Refreshing native plugins compatible for Editor in 1.19 ms, found 0 plugins.
Preloading 0 native plugins for Editor in 0.00 ms.
Unloading 2061 Unused Serialized files (Serialized files now loaded: 0)
System memory in use before: 182.4 MB.
System memory in use after: 182.5 MB.

Unloading 15 unused Assets to reduce memory usage. Loaded Objects now: 2661.
Total: 4.897500 ms (FindLiveObjects: 0.894700 ms CreateObjectMapping: 0.304800 ms MarkObjects: 3.656100 ms  DeleteObjects: 0.039400 ms)

========================================================================
Received Prepare
Registering precompiled user dll's ...
Registered in 0.015735 seconds.
Begin MonoManager ReloadAssembly
Native extension for WindowsStandalone target not found
Refreshing native plugins compatible for Editor in 1.72 ms, found 0 plugins.
Preloading 0 native plugins for Editor in 0.00 ms.
Invoked RoslynAnalysisRunner static constructor.
RoslynAnalysisRunner will not be running.
RoslynAnalysisRunner has terminated.
Mono: successfully reloaded assembly
- Completed reload, in  2.696 seconds
Platform modules already initialized, skipping
Refreshing native plugins compatible for Editor in 1.18 ms, found 0 plugins.
Preloading 0 native plugins for Editor in 0.00 ms.
Unloading 2061 Unused Serialized files (Serialized files now loaded: 0)
System memory in use before: 182.4 MB.
System memory in use after: 182.5 MB.

Unloading 15 unused Assets to reduce memory usage. Loaded Objects now: 2664.
Total: 4.067500 ms (FindLiveObjects: 0.373200 ms CreateObjectMapping: 0.108000 ms MarkObjects: 3.544900 ms  DeleteObjects: 0.038700 ms)

========================================================================
Received Prepare
Registering precompiled user dll's ...
Registered in 0.017584 seconds.
Begin MonoManager ReloadAssembly
Native extension for WindowsStandalone target not found
Refreshing native plugins compatible for Editor in 1.70 ms, found 0 plugins.
Preloading 0 native plugins for Editor in 0.00 ms.
Invoked RoslynAnalysisRunner static constructor.
RoslynAnalysisRunner will not be running.
RoslynAnalysisRunner has terminated.
Mono: successfully reloaded assembly
- Completed reload, in  2.532 seconds
Platform modules already initialized, skipping
Refreshing native plugins compatible for Editor in 1.64 ms, found 0 plugins.
Preloading 0 native plugins for Editor in 0.00 ms.
Unloading 2061 Unused Serialized files (Serialized files now loaded: 0)
System memory in use before: 182.4 MB.
System memory in use after: 182.5 MB.

Unloading 15 unused Assets to reduce memory usage. Loaded Objects now: 2667.
Total: 5.278200 ms (FindLiveObjects: 0.573200 ms CreateObjectMapping: 0.224200 ms MarkObjects: 4.433700 ms  DeleteObjects: 0.044800 ms)

========================================================================
Received Prepare
Registering precompiled user dll's ...
Registered in 0.017095 seconds.
Begin MonoManager ReloadAssembly
Native extension for WindowsStandalone target not found
Refreshing native plugins compatible for Editor in 1.76 ms, found 0 plugins.
Preloading 0 native plugins for Editor in 0.00 ms.
Invoked RoslynAnalysisRunner static constructor.
RoslynAnalysisRunner will not be running.
RoslynAnalysisRunner has terminated.
Mono: successfully reloaded assembly
- Completed reload, in  2.575 seconds
Platform modules already initialized, skipping
Refreshing native plugins compatible for Editor in 1.17 ms, found 0 plugins.
Preloading 0 native plugins for Editor in 0.00 ms.
Unloading 2061 Unused Serialized files (Serialized files now loaded: 0)
System memory in use before: 182.3 MB.
System memory in use after: 182.4 MB.

Unloading 15 unused Assets to reduce memory usage. Loaded Objects now: 2670.
Total: 4.423200 ms (FindLiveObjects: 0.562000 ms CreateObjectMapping: 0.168900 ms MarkObjects: 3.648500 ms  DeleteObjects: 0.041600 ms)

========================================================================
Received Prepare
Registering precompiled user dll's ...
Registered in 0.016969 seconds.
Begin MonoManager ReloadAssembly
Native extension for WindowsStandalone target not found
Refreshing native plugins compatible for Editor in 1.63 ms, found 0 plugins.
Preloading 0 native plugins for Editor in 0.00 ms.
Invoked RoslynAnalysisRunner static constructor.
RoslynAnalysisRunner will not be running.
RoslynAnalysisRunner has terminated.
Mono: successfully reloaded assembly
- Completed reload, in  2.915 seconds
Platform modules already initialized, skipping
Refreshing native plugins compatible for Editor in 1.81 ms, found 0 plugins.
Preloading 0 native plugins for Editor in 0.00 ms.
Unloading 2061 Unused Serialized files (Serialized files now loaded: 0)
System memory in use before: 182.4 MB.
System memory in use after: 182.5 MB.

Unloading 15 unused Assets to reduce memory usage. Loaded Objects now: 2673.
Total: 3.911300 ms (FindLiveObjects: 0.435500 ms CreateObjectMapping: 0.115700 ms MarkObjects: 3.318800 ms  DeleteObjects: 0.039200 ms)

========================================================================
Received Prepare
Registering precompiled user dll's ...
Registered in 0.019101 seconds.
Begin MonoManager ReloadAssembly
Native extension for WindowsStandalone target not found
Refreshing native plugins compatible for Editor in 1.58 ms, found 0 plugins.
Preloading 0 native plugins for Editor in 0.00 ms.
Invoked RoslynAnalysisRunner static constructor.
RoslynAnalysisRunner will not be running.
RoslynAnalysisRunner has terminated.
Mono: successfully reloaded assembly
- Completed reload, in  2.865 seconds
Platform modules already initialized, skipping
Refreshing native plugins compatible for Editor in 1.97 ms, found 0 plugins.
Preloading 0 native plugins for Editor in 0.00 ms.
Unloading 2061 Unused Serialized files (Serialized files now loaded: 0)
System memory in use before: 182.4 MB.
System memory in use after: 182.5 MB.

Unloading 15 unused Assets to reduce memory usage. Loaded Objects now: 2676.
Total: 5.419500 ms (FindLiveObjects: 0.627500 ms CreateObjectMapping: 0.196800 ms MarkObjects: 4.540300 ms  DeleteObjects: 0.052300 ms)

========================================================================
Received Prepare
Registering precompiled user dll's ...
Registered in 0.024647 seconds.
Begin MonoManager ReloadAssembly
Native extension for WindowsStandalone target not found
Refreshing native plugins compatible for Editor in 1.76 ms, found 0 plugins.
Preloading 0 native plugins for Editor in 0.00 ms.
Invoked RoslynAnalysisRunner static constructor.
RoslynAnalysisRunner will not be running.
RoslynAnalysisRunner has terminated.
Mono: successfully reloaded assembly
- Completed reload, in  2.897 seconds
Platform modules already initialized, skipping
Refreshing native plugins compatible for Editor in 1.56 ms, found 0 plugins.
Preloading 0 native plugins for Editor in 0.00 ms.
Unloading 2061 Unused Serialized files (Serialized files now loaded: 0)
System memory in use before: 182.4 MB.
System memory in use after: 182.5 MB.

Unloading 15 unused Assets to reduce memory usage. Loaded Objects now: 2679.
Total: 5.242900 ms (FindLiveObjects: 0.441600 ms CreateObjectMapping: 0.109900 ms MarkObjects: 4.642700 ms  DeleteObjects: 0.046300 ms)

========================================================================
Received Prepare
Registering precompiled user dll's ...
Registered in 0.014657 seconds.
Begin MonoManager ReloadAssembly
Native extension for WindowsStandalone target not found
Refreshing native plugins compatible for Editor in 1.97 ms, found 0 plugins.
Preloading 0 native plugins for Editor in 0.00 ms.
Invoked RoslynAnalysisRunner static constructor.
RoslynAnalysisRunner will not be running.
RoslynAnalysisRunner has terminated.
Mono: successfully reloaded assembly
- Completed reload, in  2.946 seconds
Platform modules already initialized, skipping
Refreshing native plugins compatible for Editor in 1.71 ms, found 0 plugins.
Preloading 0 native plugins for Editor in 0.00 ms.
Unloading 2061 Unused Serialized files (Serialized files now loaded: 0)
System memory in use before: 182.4 MB.
System memory in use after: 182.5 MB.

Unloading 15 unused Assets to reduce memory usage. Loaded Objects now: 2682.
Total: 4.918700 ms (FindLiveObjects: 0.618900 ms CreateObjectMapping: 0.317200 ms MarkObjects: 3.930100 ms  DeleteObjects: 0.050400 ms)

========================================================================
Received Prepare
Registering precompiled user dll's ...
Registered in 0.018330 seconds.
Begin MonoManager ReloadAssembly
Native extension for WindowsStandalone target not found
Refreshing native plugins compatible for Editor in 2.03 ms, found 0 plugins.
Preloading 0 native plugins for Editor in 0.00 ms.
Invoked RoslynAnalysisRunner static constructor.
RoslynAnalysisRunner will not be running.
RoslynAnalysisRunner has terminated.
Mono: successfully reloaded assembly
- Completed reload, in  3.225 seconds
Platform modules already initialized, skipping
Refreshing native plugins compatible for Editor in 1.60 ms, found 0 plugins.
Preloading 0 native plugins for Editor in 0.00 ms.
Unloading 2061 Unused Serialized files (Serialized files now loaded: 0)
System memory in use before: 182.3 MB.
System memory in use after: 182.5 MB.

Unloading 15 unused Assets to reduce memory usage. Loaded Objects now: 2685.
Total: 5.391700 ms (FindLiveObjects: 0.600100 ms CreateObjectMapping: 0.421100 ms MarkObjects: 4.325800 ms  DeleteObjects: 0.041600 ms)

========================================================================
Received Import Request.
  Time since last request: 2597.345491 seconds.
  path: Assets/Prefabs/Copper Sword.prefab
  artifactKey: Guid(3816f2e660ecb1141a64a9fec2b47c84) Importer(815301076,1909f56bfc062723c751e8b465ee728b)
Start importing Assets/Prefabs/Copper Sword.prefab using Guid(3816f2e660ecb1141a64a9fec2b47c84) Importer(815301076,1909f56bfc062723c751e8b465ee728b)  -> (artifact id: '14548bdf7d2f0849a2063cad299023db') in 0.235536 seconds
  Import took 0.245393 seconds .

========================================================================
Received Prepare
Registering precompiled user dll's ...
Registered in 0.021740 seconds.
Begin MonoManager ReloadAssembly
Native extension for WindowsStandalone target not found
Refreshing native plugins compatible for Editor in 1.16 ms, found 0 plugins.
Preloading 0 native plugins for Editor in 0.00 ms.
Invoked RoslynAnalysisRunner static constructor.
RoslynAnalysisRunner will not be running.
RoslynAnalysisRunner has terminated.
Mono: successfully reloaded assembly
- Completed reload, in  2.812 seconds
Platform modules already initialized, skipping
Refreshing native plugins compatible for Editor in 1.88 ms, found 0 plugins.
Preloading 0 native plugins for Editor in 0.00 ms.
Unloading 2061 Unused Serialized files (Serialized files now loaded: 0)
System memory in use before: 182.5 MB.
System memory in use after: 182.6 MB.

Unloading 15 unused Assets to reduce memory usage. Loaded Objects now: 2689.
Total: 4.161500 ms (FindLiveObjects: 0.604200 ms CreateObjectMapping: 0.189100 ms MarkObjects: 3.328400 ms  DeleteObjects: 0.037400 ms)

========================================================================
Received Prepare
Registering precompiled user dll's ...
Registered in 0.017808 seconds.
Begin MonoManager ReloadAssembly
Native extension for WindowsStandalone target not found
Refreshing native plugins compatible for Editor in 1.74 ms, found 0 plugins.
Preloading 0 native plugins for Editor in 0.00 ms.
Invoked RoslynAnalysisRunner static constructor.
RoslynAnalysisRunner will not be running.
RoslynAnalysisRunner has terminated.
Mono: successfully reloaded assembly
- Completed reload, in  2.884 seconds
Platform modules already initialized, skipping
Refreshing native plugins compatible for Editor in 1.55 ms, found 0 plugins.
Preloading 0 native plugins for Editor in 0.00 ms.
Unloading 2061 Unused Serialized files (Serialized files now loaded: 0)
System memory in use before: 182.5 MB.
System memory in use after: 182.6 MB.

Unloading 15 unused Assets to reduce memory usage. Loaded Objects now: 2692.
Total: 4.353000 ms (FindLiveObjects: 0.582700 ms CreateObjectMapping: 0.178600 ms MarkObjects: 3.549200 ms  DeleteObjects: 0.040200 ms)

========================================================================
Received Prepare
Registering precompiled user dll's ...
Registered in 0.014664 seconds.
Begin MonoManager ReloadAssembly
Native extension for WindowsStandalone target not found
Refreshing native plugins compatible for Editor in 1.54 ms, found 0 plugins.
Preloading 0 native plugins for Editor in 0.00 ms.
Invoked RoslynAnalysisRunner static constructor.
RoslynAnalysisRunner will not be running.
RoslynAnalysisRunner has terminated.
Mono: successfully reloaded assembly
- Completed reload, in  3.006 seconds
Platform modules already initialized, skipping
Refreshing native plugins compatible for Editor in 1.79 ms, found 0 plugins.
Preloading 0 native plugins for Editor in 0.00 ms.
Unloading 2061 Unused Serialized files (Serialized files now loaded: 0)
System memory in use before: 182.5 MB.
System memory in use after: 182.6 MB.

Unloading 15 unused Assets to reduce memory usage. Loaded Objects now: 2695.
Total: 4.892700 ms (FindLiveObjects: 0.555500 ms CreateObjectMapping: 0.142300 ms MarkObjects: 4.151500 ms  DeleteObjects: 0.041100 ms)

========================================================================
Received Prepare
Registering precompiled user dll's ...
Registered in 0.016323 seconds.
Begin MonoManager ReloadAssembly
Native extension for WindowsStandalone target not found
Refreshing native plugins compatible for Editor in 1.80 ms, found 0 plugins.
Preloading 0 native plugins for Editor in 0.00 ms.
Invoked RoslynAnalysisRunner static constructor.
RoslynAnalysisRunner will not be running.
RoslynAnalysisRunner has terminated.
Mono: successfully reloaded assembly
- Completed reload, in  2.892 seconds
Platform modules already initialized, skipping
Refreshing native plugins compatible for Editor in 1.77 ms, found 0 plugins.
Preloading 0 native plugins for Editor in 0.00 ms.
Unloading 2061 Unused Serialized files (Serialized files now loaded: 0)
System memory in use before: 182.5 MB.
System memory in use after: 182.6 MB.

Unloading 15 unused Assets to reduce memory usage. Loaded Objects now: 2698.
Total: 5.326600 ms (FindLiveObjects: 0.573200 ms CreateObjectMapping: 0.161300 ms MarkObjects: 4.537900 ms  DeleteObjects: 0.051400 ms)

========================================================================
Received Prepare
Registering precompiled user dll's ...
Registered in 0.017329 seconds.
Begin MonoManager ReloadAssembly
Native extension for WindowsStandalone target not found
Refreshing native plugins compatible for Editor in 2.36 ms, found 0 plugins.
Preloading 0 native plugins for Editor in 0.00 ms.
Invoked RoslynAnalysisRunner static constructor.
RoslynAnalysisRunner will not be running.
RoslynAnalysisRunner has terminated.
Mono: successfully reloaded assembly
- Completed reload, in  2.824 seconds
Platform modules already initialized, skipping
Refreshing native plugins compatible for Editor in 1.21 ms, found 0 plugins.
Preloading 0 native plugins for Editor in 0.00 ms.
Unloading 2061 Unused Serialized files (Serialized files now loaded: 0)
System memory in use before: 182.4 MB.
System memory in use after: 182.5 MB.

Unloading 15 unused Assets to reduce memory usage. Loaded Objects now: 2701.
Total: 4.269000 ms (FindLiveObjects: 0.540900 ms CreateObjectMapping: 0.207200 ms MarkObjects: 3.478700 ms  DeleteObjects: 0.040500 ms)

========================================================================
Received Prepare
Registering precompiled user dll's ...
Registered in 0.022537 seconds.
Begin MonoManager ReloadAssembly
Native extension for WindowsStandalone target not found
Refreshing native plugins compatible for Editor in 1.55 ms, found 0 plugins.
Preloading 0 native plugins for Editor in 0.00 ms.
Invoked RoslynAnalysisRunner static constructor.
RoslynAnalysisRunner will not be running.
RoslynAnalysisRunner has terminated.
Mono: successfully reloaded assembly
- Completed reload, in  2.792 seconds
Platform modules already initialized, skipping
Refreshing native plugins compatible for Editor in 1.55 ms, found 0 plugins.
Preloading 0 native plugins for Editor in 0.00 ms.
Unloading 2061 Unused Serialized files (Serialized files now loaded: 0)
System memory in use before: 182.5 MB.
System memory in use after: 182.6 MB.

Unloading 15 unused Assets to reduce memory usage. Loaded Objects now: 2704.
Total: 5.787100 ms (FindLiveObjects: 0.670000 ms CreateObjectMapping: 0.194300 ms MarkObjects: 4.869800 ms  DeleteObjects: 0.050500 ms)

========================================================================
Received Prepare
Registering precompiled user dll's ...
Registered in 0.016668 seconds.
Begin MonoManager ReloadAssembly
Native extension for WindowsStandalone target not found
Refreshing native plugins compatible for Editor in 1.76 ms, found 0 plugins.
Preloading 0 native plugins for Editor in 0.00 ms.
Invoked RoslynAnalysisRunner static constructor.
RoslynAnalysisRunner will not be running.
RoslynAnalysisRunner has terminated.
Mono: successfully reloaded assembly
- Completed reload, in  2.944 seconds
Platform modules already initialized, skipping
Refreshing native plugins compatible for Editor in 1.41 ms, found 0 plugins.
Preloading 0 native plugins for Editor in 0.00 ms.
Unloading 2061 Unused Serialized files (Serialized files now loaded: 0)
System memory in use before: 182.5 MB.
System memory in use after: 182.6 MB.

Unloading 15 unused Assets to reduce memory usage. Loaded Objects now: 2707.
Total: 4.155500 ms (FindLiveObjects: 0.415800 ms CreateObjectMapping: 0.115100 ms MarkObjects: 3.580600 ms  DeleteObjects: 0.042000 ms)

========================================================================
Received Prepare
Registering precompiled user dll's ...
Registered in 0.016492 seconds.
Begin MonoManager ReloadAssembly
Native extension for WindowsStandalone target not found
Refreshing native plugins compatible for Editor in 1.28 ms, found 0 plugins.
Preloading 0 native plugins for Editor in 0.00 ms.
Invoked RoslynAnalysisRunner static constructor.
RoslynAnalysisRunner will not be running.
RoslynAnalysisRunner has terminated.
Mono: successfully reloaded assembly
- Completed reload, in  2.939 seconds
Platform modules already initialized, skipping
Refreshing native plugins compatible for Editor in 1.78 ms, found 0 plugins.
Preloading 0 native plugins for Editor in 0.00 ms.
Unloading 2061 Unused Serialized files (Serialized files now loaded: 0)
System memory in use before: 182.5 MB.
System memory in use after: 182.6 MB.

Unloading 15 unused Assets to reduce memory usage. Loaded Objects now: 2710.
Total: 4.660200 ms (FindLiveObjects: 0.585200 ms CreateObjectMapping: 0.175100 ms MarkObjects: 3.845300 ms  DeleteObjects: 0.051200 ms)

========================================================================
Received Prepare
Registering precompiled user dll's ...
Registered in 0.016092 seconds.
Begin MonoManager ReloadAssembly
Native extension for WindowsStandalone target not found
Refreshing native plugins compatible for Editor in 1.55 ms, found 0 plugins.
Preloading 0 native plugins for Editor in 0.00 ms.
Invoked RoslynAnalysisRunner static constructor.
RoslynAnalysisRunner will not be running.
RoslynAnalysisRunner has terminated.
Mono: successfully reloaded assembly
- Completed reload, in  2.615 seconds
Platform modules already initialized, skipping
Refreshing native plugins compatible for Editor in 1.15 ms, found 0 plugins.
Preloading 0 native plugins for Editor in 0.00 ms.
Unloading 2061 Unused Serialized files (Serialized files now loaded: 0)
System memory in use before: 182.6 MB.
System memory in use after: 182.7 MB.

Unloading 15 unused Assets to reduce memory usage. Loaded Objects now: 2713.
Total: 4.907400 ms (FindLiveObjects: 0.601600 ms CreateObjectMapping: 0.154400 ms MarkObjects: 4.103700 ms  DeleteObjects: 0.045600 ms)

AssetImportWorkerClient::OnTransportError - code=2 error=End of file
